{"C:\\Users\\cirob\\Projects\\ecommerce\\api\\src\\app.module.ts": {"path":"C:\\Users\\cirob\\Projects\\ecommerce\\api\\src\\app.module.ts","statementMap":{"0":{"start":{"line":1,"column":0},"end":{"line":1,"column":52}},"1":{"start":{"line":2,"column":0},"end":{"line":2,"column":46}},"2":{"start":{"line":3,"column":0},"end":{"line":3,"column":48}},"3":{"start":{"line":4,"column":0},"end":{"line":4,"column":48}},"4":{"start":{"line":5,"column":0},"end":{"line":5,"column":57}},"5":{"start":{"line":6,"column":0},"end":{"line":6,"column":54}},"6":{"start":{"line":7,"column":0},"end":{"line":7,"column":60}},"7":{"start":{"line":23,"column":7},"end":{"line":23,"column":null}},"8":{"start":{"line":23,"column":13},"end":{"line":23,"column":22}},"9":{"start":{"line":23,"column":13},"end":{"line":23,"column":null}},"10":{"start":{"line":15,"column":21},"end":{"line":15,"column":31}},"11":{"start":{"line":16,"column":21},"end":{"line":16,"column":31}},"12":{"start":{"line":17,"column":21},"end":{"line":17,"column":34}},"13":{"start":{"line":18,"column":21},"end":{"line":18,"column":33}}},"fnMap":{"0":{"name":"(anonymous_1)","decl":{"start":{"line":15,"column":15},"end":{"line":15,"column":18}},"loc":{"start":{"line":15,"column":21},"end":{"line":15,"column":31}}},"1":{"name":"(anonymous_2)","decl":{"start":{"line":16,"column":15},"end":{"line":16,"column":18}},"loc":{"start":{"line":16,"column":21},"end":{"line":16,"column":31}}},"2":{"name":"(anonymous_3)","decl":{"start":{"line":17,"column":15},"end":{"line":17,"column":18}},"loc":{"start":{"line":17,"column":21},"end":{"line":17,"column":34}}},"3":{"name":"(anonymous_4)","decl":{"start":{"line":18,"column":15},"end":{"line":18,"column":18}},"loc":{"start":{"line":18,"column":21},"end":{"line":18,"column":33}}}},"branchMap":{},"s":{"0":0,"1":0,"2":0,"3":0,"4":0,"5":0,"6":0,"7":0,"8":0,"9":0,"10":0,"11":0,"12":0,"13":0},"f":{"0":0,"1":0,"2":0,"3":0},"b":{}}
,"C:\\Users\\cirob\\Projects\\ecommerce\\api\\src\\main.ts": {"path":"C:\\Users\\cirob\\Projects\\ecommerce\\api\\src\\main.ts","statementMap":{"0":{"start":{"line":1,"column":0},"end":{"line":1,"column":43}},"1":{"start":{"line":2,"column":0},"end":{"line":2,"column":41}},"2":{"start":{"line":3,"column":0},"end":{"line":3,"column":48}},"3":{"start":{"line":6,"column":14},"end":{"line":6,"column":49}},"4":{"start":{"line":7,"column":2},"end":{"line":7,"column":19}},"5":{"start":{"line":8,"column":2},"end":{"line":8,"column":43}},"6":{"start":{"line":9,"column":2},"end":{"line":9,"column":25}},"7":{"start":{"line":11,"column":0},"end":{"line":11,"column":12}}},"fnMap":{"0":{"name":"bootstrap","decl":{"start":{"line":5,"column":15},"end":{"line":5,"column":24}},"loc":{"start":{"line":5,"column":24},"end":{"line":10,"column":1}}}},"branchMap":{},"s":{"0":0,"1":0,"2":0,"3":0,"4":0,"5":0,"6":0,"7":0},"f":{"0":0},"b":{}}
,"C:\\Users\\cirob\\Projects\\ecommerce\\api\\src\\address\\address-company.service.ts": {"path":"C:\\Users\\cirob\\Projects\\ecommerce\\api\\src\\address\\address-company.service.ts","statementMap":{"0":{"start":{"line":1,"column":0},"end":{"line":1,"column":52}},"1":{"start":{"line":2,"column":0},"end":{"line":2,"column":73}},"2":{"start":{"line":3,"column":0},"end":{"line":3,"column":55}},"3":{"start":{"line":6,"column":7},"end":{"line":21,"column":null}},"4":{"start":{"line":9,"column":21},"end":{"line":9,"column":37}},"5":{"start":{"line":6,"column":13},"end":{"line":6,"column":34}},"6":{"start":{"line":6,"column":13},"end":{"line":21,"column":null}}},"fnMap":{"0":{"name":"(anonymous_4)","decl":{"start":{"line":7,"column":2},"end":{"line":7,"column":null}},"loc":{"start":{"line":9,"column":51},"end":{"line":10,"column":6}}},"1":{"name":"(anonymous_5)","decl":{"start":{"line":12,"column":2},"end":{"line":12,"column":7}},"loc":{"start":{"line":12,"column":12},"end":{"line":12,"column":17}}},"2":{"name":"(anonymous_6)","decl":{"start":{"line":14,"column":2},"end":{"line":14,"column":7}},"loc":{"start":{"line":14,"column":14},"end":{"line":14,"column":19}}},"3":{"name":"(anonymous_7)","decl":{"start":{"line":16,"column":2},"end":{"line":16,"column":7}},"loc":{"start":{"line":16,"column":14},"end":{"line":16,"column":19}}},"4":{"name":"(anonymous_8)","decl":{"start":{"line":18,"column":2},"end":{"line":18,"column":7}},"loc":{"start":{"line":18,"column":18},"end":{"line":18,"column":23}}},"5":{"name":"(anonymous_9)","decl":{"start":{"line":20,"column":2},"end":{"line":20,"column":7}},"loc":{"start":{"line":20,"column":22},"end":{"line":20,"column":27}}}},"branchMap":{},"s":{"0":0,"1":0,"2":0,"3":0,"4":0,"5":0,"6":0},"f":{"0":0,"1":0,"2":0,"3":0,"4":0,"5":0},"b":{}}
,"C:\\Users\\cirob\\Projects\\ecommerce\\api\\src\\address\\address-person.service.ts": {"path":"C:\\Users\\cirob\\Projects\\ecommerce\\api\\src\\address\\address-person.service.ts","statementMap":{"0":{"start":{"line":1,"column":0},"end":{"line":1,"column":73}},"1":{"start":{"line":4,"column":0},"end":{"line":4,"column":55}},"2":{"start":{"line":5,"column":0},"end":{"line":5,"column":73}},"3":{"start":{"line":8,"column":7},"end":{"line":121,"column":null}},"4":{"start":{"line":11,"column":21},"end":{"line":11,"column":37}},"5":{"start":{"line":15,"column":28},"end":{"line":20,"column":47}},"6":{"start":{"line":22,"column":4},"end":{"line":22,"column":27}},"7":{"start":{"line":22,"column":15},"end":{"line":22,"column":27}},"8":{"start":{"line":24,"column":4},"end":{"line":24,"column":16}},"9":{"start":{"line":28,"column":4},"end":{"line":28,"column":34}},"10":{"start":{"line":30,"column":28},"end":{"line":34,"column":15}},"11":{"start":{"line":36,"column":4},"end":{"line":39,"column":8}},"12":{"start":{"line":37,"column":6},"end":{"line":39,"column":8}},"13":{"start":{"line":41,"column":26},"end":{"line":41,"column":65}},"14":{"start":{"line":41,"column":47},"end":{"line":41,"column":61}},"15":{"start":{"line":42,"column":4},"end":{"line":42,"column":54}},"16":{"start":{"line":42,"column":24},"end":{"line":42,"column":54}},"17":{"start":{"line":44,"column":4},"end":{"line":47,"column":16}},"18":{"start":{"line":51,"column":4},"end":{"line":51,"column":34}},"19":{"start":{"line":52,"column":28},"end":{"line":56,"column":15}},"20":{"start":{"line":58,"column":4},"end":{"line":58,"column":27}},"21":{"start":{"line":58,"column":15},"end":{"line":58,"column":27}},"22":{"start":{"line":60,"column":4},"end":{"line":60,"column":16}},"23":{"start":{"line":64,"column":28},"end":{"line":69,"column":29}},"24":{"start":{"line":71,"column":4},"end":{"line":71,"column":27}},"25":{"start":{"line":71,"column":15},"end":{"line":71,"column":27}},"26":{"start":{"line":73,"column":4},"end":{"line":76,"column":27}},"27":{"start":{"line":78,"column":4},"end":{"line":78,"column":16}},"28":{"start":{"line":82,"column":28},"end":{"line":86,"column":15}},"29":{"start":{"line":88,"column":4},"end":{"line":88,"column":27}},"30":{"start":{"line":88,"column":15},"end":{"line":88,"column":27}},"31":{"start":{"line":90,"column":4},"end":{"line":110,"column":5}},"32":{"start":{"line":92,"column":8},"end":{"line":99,"column":19}},"33":{"start":{"line":101,"column":6},"end":{"line":102,"column":30}},"34":{"start":{"line":102,"column":8},"end":{"line":102,"column":30}},"35":{"start":{"line":104,"column":6},"end":{"line":109,"column":7}},"36":{"start":{"line":105,"column":8},"end":{"line":108,"column":42}},"37":{"start":{"line":112,"column":35},"end":{"line":115,"column":26}},"38":{"start":{"line":117,"column":4},"end":{"line":117,"column":39}},"39":{"start":{"line":117,"column":21},"end":{"line":117,"column":39}},"40":{"start":{"line":119,"column":4},"end":{"line":119,"column":42}},"41":{"start":{"line":8,"column":13},"end":{"line":8,"column":33}},"42":{"start":{"line":8,"column":13},"end":{"line":121,"column":null}}},"fnMap":{"0":{"name":"(anonymous_4)","decl":{"start":{"line":9,"column":2},"end":{"line":9,"column":null}},"loc":{"start":{"line":11,"column":51},"end":{"line":12,"column":6}}},"1":{"name":"(anonymous_5)","decl":{"start":{"line":14,"column":2},"end":{"line":14,"column":7}},"loc":{"start":{"line":14,"column":27},"end":{"line":25,"column":3}}},"2":{"name":"(anonymous_6)","decl":{"start":{"line":27,"column":2},"end":{"line":27,"column":7}},"loc":{"start":{"line":27,"column":60},"end":{"line":48,"column":3}}},"3":{"name":"(anonymous_7)","decl":{"start":{"line":41,"column":38},"end":{"line":41,"column":39}},"loc":{"start":{"line":41,"column":47},"end":{"line":41,"column":61}}},"4":{"name":"(anonymous_8)","decl":{"start":{"line":50,"column":2},"end":{"line":50,"column":7}},"loc":{"start":{"line":50,"column":63},"end":{"line":61,"column":3}}},"5":{"name":"(anonymous_9)","decl":{"start":{"line":63,"column":2},"end":{"line":63,"column":7}},"loc":{"start":{"line":63,"column":52},"end":{"line":79,"column":3}}},"6":{"name":"(anonymous_10)","decl":{"start":{"line":81,"column":2},"end":{"line":81,"column":7}},"loc":{"start":{"line":81,"column":56},"end":{"line":120,"column":3}}}},"branchMap":{"0":{"loc":{"start":{"line":22,"column":4},"end":{"line":22,"column":27}},"type":"if","locations":[{"start":{"line":22,"column":4},"end":{"line":22,"column":27}}]},"1":{"loc":{"start":{"line":36,"column":4},"end":{"line":39,"column":8}},"type":"if","locations":[{"start":{"line":36,"column":4},"end":{"line":39,"column":8}}]},"2":{"loc":{"start":{"line":36,"column":8},"end":{"line":36,"column":31}},"type":"binary-expr","locations":[{"start":{"line":36,"column":8},"end":{"line":36,"column":12}},{"start":{"line":36,"column":16},"end":{"line":36,"column":31}}]},"3":{"loc":{"start":{"line":42,"column":4},"end":{"line":42,"column":54}},"type":"if","locations":[{"start":{"line":42,"column":4},"end":{"line":42,"column":54}}]},"4":{"loc":{"start":{"line":58,"column":4},"end":{"line":58,"column":27}},"type":"if","locations":[{"start":{"line":58,"column":4},"end":{"line":58,"column":27}}]},"5":{"loc":{"start":{"line":71,"column":4},"end":{"line":71,"column":27}},"type":"if","locations":[{"start":{"line":71,"column":4},"end":{"line":71,"column":27}}]},"6":{"loc":{"start":{"line":88,"column":4},"end":{"line":88,"column":27}},"type":"if","locations":[{"start":{"line":88,"column":4},"end":{"line":88,"column":27}}]},"7":{"loc":{"start":{"line":90,"column":4},"end":{"line":110,"column":5}},"type":"if","locations":[{"start":{"line":90,"column":4},"end":{"line":110,"column":5}}]},"8":{"loc":{"start":{"line":101,"column":6},"end":{"line":102,"column":30}},"type":"if","locations":[{"start":{"line":101,"column":6},"end":{"line":102,"column":30}}]},"9":{"loc":{"start":{"line":101,"column":10},"end":{"line":101,"column":64}},"type":"binary-expr","locations":[{"start":{"line":101,"column":10},"end":{"line":101,"column":25}},{"start":{"line":101,"column":29},"end":{"line":101,"column":64}}]},"10":{"loc":{"start":{"line":104,"column":6},"end":{"line":109,"column":7}},"type":"if","locations":[{"start":{"line":104,"column":6},"end":{"line":109,"column":7}}]},"11":{"loc":{"start":{"line":117,"column":4},"end":{"line":117,"column":39}},"type":"if","locations":[{"start":{"line":117,"column":4},"end":{"line":117,"column":39}}]}},"s":{"0":0,"1":0,"2":0,"3":0,"4":0,"5":0,"6":0,"7":0,"8":0,"9":0,"10":0,"11":0,"12":0,"13":0,"14":0,"15":0,"16":0,"17":0,"18":0,"19":0,"20":0,"21":0,"22":0,"23":0,"24":0,"25":0,"26":0,"27":0,"28":0,"29":0,"30":0,"31":0,"32":0,"33":0,"34":0,"35":0,"36":0,"37":0,"38":0,"39":0,"40":0,"41":0,"42":0},"f":{"0":0,"1":0,"2":0,"3":0,"4":0,"5":0,"6":0},"b":{"0":[0],"1":[0],"2":[0,0],"3":[0],"4":[0],"5":[0],"6":[0],"7":[0],"8":[0],"9":[0,0],"10":[0],"11":[0]}}
,"C:\\Users\\cirob\\Projects\\ecommerce\\api\\src\\address\\address.module.ts": {"path":"C:\\Users\\cirob\\Projects\\ecommerce\\api\\src\\address\\address.module.ts","statementMap":{"0":{"start":{"line":1,"column":0},"end":{"line":1,"column":52}},"1":{"start":{"line":2,"column":0},"end":{"line":2,"column":64}},"2":{"start":{"line":3,"column":0},"end":{"line":3,"column":66}},"3":{"start":{"line":4,"column":0},"end":{"line":4,"column":50}},"4":{"start":{"line":16,"column":7},"end":{"line":16,"column":null}},"5":{"start":{"line":16,"column":13},"end":{"line":16,"column":26}},"6":{"start":{"line":16,"column":13},"end":{"line":16,"column":null}},"7":{"start":{"line":10,"column":21},"end":{"line":10,"column":31}}},"fnMap":{"0":{"name":"(anonymous_1)","decl":{"start":{"line":10,"column":15},"end":{"line":10,"column":18}},"loc":{"start":{"line":10,"column":21},"end":{"line":10,"column":31}}}},"branchMap":{},"s":{"0":0,"1":0,"2":0,"3":0,"4":0,"5":0,"6":0,"7":0},"f":{"0":0},"b":{}}
,"C:\\Users\\cirob\\Projects\\ecommerce\\api\\src\\address\\dtos\\address-create.dto.ts": {"path":"C:\\Users\\cirob\\Projects\\ecommerce\\api\\src\\address\\dtos\\address-create.dto.ts","statementMap":{"0":{"start":{"line":1,"column":0},"end":{"line":1,"column":74}},"1":{"start":{"line":2,"column":0},"end":{"line":2,"column":59}},"2":{"start":{"line":3,"column":0},"end":{"line":3,"column":33}},"3":{"start":{"line":5,"column":0},"end":{"line":5,"column":13}},"4":{"start":{"line":7,"column":2},"end":{"line":7,"column":null}},"5":{"start":{"line":10,"column":2},"end":{"line":10,"column":null}},"6":{"start":{"line":13,"column":2},"end":{"line":13,"column":null}},"7":{"start":{"line":16,"column":2},"end":{"line":16,"column":null}},"8":{"start":{"line":20,"column":2},"end":{"line":20,"column":null}},"9":{"start":{"line":24,"column":2},"end":{"line":24,"column":null}},"10":{"start":{"line":28,"column":2},"end":{"line":28,"column":null}},"11":{"start":{"line":32,"column":2},"end":{"line":32,"column":null}}},"fnMap":{},"branchMap":{},"s":{"0":0,"1":0,"2":0,"3":0,"4":0,"5":0,"6":0,"7":0,"8":0,"9":0,"10":0,"11":0},"f":{},"b":{}}
,"C:\\Users\\cirob\\Projects\\ecommerce\\api\\src\\address\\dtos\\address-update.dto.ts": {"path":"C:\\Users\\cirob\\Projects\\ecommerce\\api\\src\\address\\dtos\\address-update.dto.ts","statementMap":{"0":{"start":{"line":1,"column":0},"end":{"line":1,"column":56}},"1":{"start":{"line":3,"column":0},"end":{"line":3,"column":13}}},"fnMap":{},"branchMap":{},"s":{"0":0,"1":0},"f":{},"b":{}}
,"C:\\Users\\cirob\\Projects\\ecommerce\\api\\src\\address\\enums\\uf.ts": {"path":"C:\\Users\\cirob\\Projects\\ecommerce\\api\\src\\address\\enums\\uf.ts","statementMap":{"0":{"start":{"line":1,"column":0},"end":{"line":1,"column":null}},"1":{"start":{"line":2,"column":2},"end":{"line":2,"column":null}},"2":{"start":{"line":3,"column":2},"end":{"line":3,"column":null}},"3":{"start":{"line":4,"column":2},"end":{"line":4,"column":null}},"4":{"start":{"line":5,"column":2},"end":{"line":5,"column":null}},"5":{"start":{"line":6,"column":2},"end":{"line":6,"column":null}},"6":{"start":{"line":7,"column":2},"end":{"line":7,"column":null}},"7":{"start":{"line":8,"column":2},"end":{"line":8,"column":null}},"8":{"start":{"line":9,"column":2},"end":{"line":9,"column":null}},"9":{"start":{"line":10,"column":2},"end":{"line":10,"column":null}},"10":{"start":{"line":11,"column":2},"end":{"line":11,"column":null}},"11":{"start":{"line":12,"column":2},"end":{"line":12,"column":null}},"12":{"start":{"line":13,"column":2},"end":{"line":13,"column":null}},"13":{"start":{"line":14,"column":2},"end":{"line":14,"column":null}},"14":{"start":{"line":15,"column":2},"end":{"line":15,"column":null}},"15":{"start":{"line":16,"column":2},"end":{"line":16,"column":null}},"16":{"start":{"line":17,"column":2},"end":{"line":17,"column":null}},"17":{"start":{"line":18,"column":2},"end":{"line":18,"column":null}},"18":{"start":{"line":19,"column":2},"end":{"line":19,"column":null}},"19":{"start":{"line":20,"column":2},"end":{"line":20,"column":null}},"20":{"start":{"line":21,"column":2},"end":{"line":21,"column":null}},"21":{"start":{"line":22,"column":2},"end":{"line":22,"column":null}},"22":{"start":{"line":23,"column":2},"end":{"line":23,"column":null}},"23":{"start":{"line":24,"column":2},"end":{"line":24,"column":null}},"24":{"start":{"line":25,"column":2},"end":{"line":25,"column":null}},"25":{"start":{"line":26,"column":2},"end":{"line":26,"column":null}},"26":{"start":{"line":27,"column":2},"end":{"line":27,"column":null}}},"fnMap":{"0":{"name":"(anonymous_0)","decl":{"start":{"line":1,"column":0},"end":{"line":1,"column":12}},"loc":{"start":{"line":1,"column":14},"end":{"line":28,"column":1}}}},"branchMap":{"0":{"loc":{"start":{"line":1,"column":12},"end":{"line":1,"column":null}},"type":"binary-expr","locations":[{"start":{"line":1,"column":12},"end":{"line":1,"column":14}},{"start":{"line":1,"column":14},"end":{"line":1,"column":null}}]}},"s":{"0":0,"1":0,"2":0,"3":0,"4":0,"5":0,"6":0,"7":0,"8":0,"9":0,"10":0,"11":0,"12":0,"13":0,"14":0,"15":0,"16":0,"17":0,"18":0,"19":0,"20":0,"21":0,"22":0,"23":0,"24":0,"25":0,"26":0},"f":{"0":0},"b":{"0":[0,0]}}
,"C:\\Users\\cirob\\Projects\\ecommerce\\api\\src\\auth\\auth-company.controller.ts": {"path":"C:\\Users\\cirob\\Projects\\ecommerce\\api\\src\\auth\\auth-company.controller.ts","statementMap":{"0":{"start":{"line":1,"column":0},"end":{"line":1,"column":50}},"1":{"start":{"line":4,"column":7},"end":{"line":53,"column":null}},"2":{"start":{"line":4,"column":13},"end":{"line":4,"column":34}},"3":{"start":{"line":8,"column":8},"end":{"line":8,"column":null}},"4":{"start":{"line":11,"column":8},"end":{"line":11,"column":null}},"5":{"start":{"line":14,"column":8},"end":{"line":14,"column":null}},"6":{"start":{"line":17,"column":8},"end":{"line":17,"column":null}},"7":{"start":{"line":20,"column":8},"end":{"line":20,"column":null}},"8":{"start":{"line":23,"column":8},"end":{"line":23,"column":null}},"9":{"start":{"line":26,"column":8},"end":{"line":26,"column":null}},"10":{"start":{"line":29,"column":8},"end":{"line":29,"column":null}},"11":{"start":{"line":33,"column":8},"end":{"line":33,"column":null}},"12":{"start":{"line":36,"column":8},"end":{"line":36,"column":null}},"13":{"start":{"line":39,"column":8},"end":{"line":39,"column":null}},"14":{"start":{"line":42,"column":8},"end":{"line":42,"column":null}},"15":{"start":{"line":45,"column":8},"end":{"line":45,"column":null}},"16":{"start":{"line":49,"column":8},"end":{"line":49,"column":null}},"17":{"start":{"line":52,"column":8},"end":{"line":52,"column":null}},"18":{"start":{"line":4,"column":13},"end":{"line":53,"column":null}}},"fnMap":{"0":{"name":"(anonymous_2)","decl":{"start":{"line":5,"column":2},"end":{"line":5,"column":17}},"loc":{"start":{"line":5,"column":2},"end":{"line":5,"column":18}}},"1":{"name":"(anonymous_3)","decl":{"start":{"line":8,"column":2},"end":{"line":8,"column":7}},"loc":{"start":{"line":8,"column":16},"end":{"line":8,"column":21}}},"2":{"name":"(anonymous_4)","decl":{"start":{"line":11,"column":2},"end":{"line":11,"column":7}},"loc":{"start":{"line":11,"column":13},"end":{"line":11,"column":18}}},"3":{"name":"(anonymous_5)","decl":{"start":{"line":14,"column":2},"end":{"line":14,"column":7}},"loc":{"start":{"line":14,"column":14},"end":{"line":14,"column":19}}},"4":{"name":"(anonymous_6)","decl":{"start":{"line":17,"column":2},"end":{"line":17,"column":7}},"loc":{"start":{"line":17,"column":18},"end":{"line":17,"column":23}}},"5":{"name":"(anonymous_7)","decl":{"start":{"line":20,"column":2},"end":{"line":20,"column":7}},"loc":{"start":{"line":20,"column":21},"end":{"line":20,"column":26}}},"6":{"name":"(anonymous_8)","decl":{"start":{"line":23,"column":2},"end":{"line":23,"column":7}},"loc":{"start":{"line":23,"column":12},"end":{"line":23,"column":17}}},"7":{"name":"(anonymous_9)","decl":{"start":{"line":26,"column":2},"end":{"line":26,"column":7}},"loc":{"start":{"line":26,"column":18},"end":{"line":26,"column":23}}},"8":{"name":"(anonymous_10)","decl":{"start":{"line":29,"column":2},"end":{"line":29,"column":7}},"loc":{"start":{"line":29,"column":14},"end":{"line":29,"column":19}}},"9":{"name":"(anonymous_11)","decl":{"start":{"line":33,"column":2},"end":{"line":33,"column":7}},"loc":{"start":{"line":33,"column":21},"end":{"line":33,"column":26}}},"10":{"name":"(anonymous_12)","decl":{"start":{"line":36,"column":2},"end":{"line":36,"column":7}},"loc":{"start":{"line":36,"column":19},"end":{"line":36,"column":24}}},"11":{"name":"(anonymous_13)","decl":{"start":{"line":39,"column":2},"end":{"line":39,"column":7}},"loc":{"start":{"line":39,"column":21},"end":{"line":39,"column":26}}},"12":{"name":"(anonymous_14)","decl":{"start":{"line":42,"column":2},"end":{"line":42,"column":7}},"loc":{"start":{"line":42,"column":25},"end":{"line":42,"column":30}}},"13":{"name":"(anonymous_15)","decl":{"start":{"line":45,"column":2},"end":{"line":45,"column":7}},"loc":{"start":{"line":45,"column":21},"end":{"line":45,"column":26}}},"14":{"name":"(anonymous_16)","decl":{"start":{"line":49,"column":2},"end":{"line":49,"column":7}},"loc":{"start":{"line":49,"column":18},"end":{"line":49,"column":23}}},"15":{"name":"(anonymous_17)","decl":{"start":{"line":52,"column":2},"end":{"line":52,"column":7}},"loc":{"start":{"line":52,"column":20},"end":{"line":52,"column":25}}}},"branchMap":{},"s":{"0":0,"1":0,"2":0,"3":0,"4":0,"5":0,"6":0,"7":0,"8":0,"9":0,"10":0,"11":0,"12":0,"13":0,"14":0,"15":0,"16":0,"17":0,"18":0},"f":{"0":0,"1":0,"2":0,"3":0,"4":0,"5":0,"6":0,"7":0,"8":0,"9":0,"10":0,"11":0,"12":0,"13":0,"14":0,"15":0},"b":{}}
,"C:\\Users\\cirob\\Projects\\ecommerce\\api\\src\\auth\\auth-company.service.ts": {"path":"C:\\Users\\cirob\\Projects\\ecommerce\\api\\src\\auth\\auth-company.service.ts","statementMap":{"0":{"start":{"line":1,"column":0},"end":{"line":1,"column":44}},"1":{"start":{"line":4,"column":7},"end":{"line":22,"column":null}},"2":{"start":{"line":4,"column":13},"end":{"line":4,"column":31}},"3":{"start":{"line":4,"column":13},"end":{"line":22,"column":null}}},"fnMap":{"0":{"name":"(anonymous_2)","decl":{"start":{"line":5,"column":2},"end":{"line":5,"column":17}},"loc":{"start":{"line":5,"column":2},"end":{"line":5,"column":18}}},"1":{"name":"(anonymous_3)","decl":{"start":{"line":7,"column":2},"end":{"line":7,"column":7}},"loc":{"start":{"line":7,"column":16},"end":{"line":7,"column":21}}},"2":{"name":"(anonymous_4)","decl":{"start":{"line":9,"column":2},"end":{"line":9,"column":7}},"loc":{"start":{"line":9,"column":13},"end":{"line":9,"column":18}}},"3":{"name":"(anonymous_5)","decl":{"start":{"line":11,"column":2},"end":{"line":11,"column":7}},"loc":{"start":{"line":11,"column":14},"end":{"line":11,"column":19}}},"4":{"name":"(anonymous_6)","decl":{"start":{"line":13,"column":2},"end":{"line":13,"column":7}},"loc":{"start":{"line":13,"column":13},"end":{"line":13,"column":18}}},"5":{"name":"(anonymous_7)","decl":{"start":{"line":15,"column":2},"end":{"line":15,"column":7}},"loc":{"start":{"line":15,"column":12},"end":{"line":15,"column":17}}},"6":{"name":"(anonymous_8)","decl":{"start":{"line":17,"column":2},"end":{"line":17,"column":7}},"loc":{"start":{"line":17,"column":14},"end":{"line":17,"column":19}}},"7":{"name":"(anonymous_9)","decl":{"start":{"line":19,"column":2},"end":{"line":19,"column":7}},"loc":{"start":{"line":19,"column":14},"end":{"line":19,"column":19}}},"8":{"name":"(anonymous_10)","decl":{"start":{"line":21,"column":2},"end":{"line":21,"column":7}},"loc":{"start":{"line":21,"column":14},"end":{"line":21,"column":19}}}},"branchMap":{},"s":{"0":0,"1":0,"2":0,"3":0},"f":{"0":0,"1":0,"2":0,"3":0,"4":0,"5":0,"6":0,"7":0,"8":0},"b":{}}
,"C:\\Users\\cirob\\Projects\\ecommerce\\api\\src\\auth\\auth-person.controller.ts": {"path":"C:\\Users\\cirob\\Projects\\ecommerce\\api\\src\\auth\\auth-person.controller.ts","statementMap":{"0":{"start":{"line":1,"column":0},"end":{"line":1,"column":null}},"1":{"start":{"line":14,"column":0},"end":{"line":14,"column":62}},"2":{"start":{"line":15,"column":0},"end":{"line":15,"column":53}},"3":{"start":{"line":16,"column":0},"end":{"line":16,"column":58}},"4":{"start":{"line":17,"column":0},"end":{"line":17,"column":54}},"5":{"start":{"line":18,"column":0},"end":{"line":18,"column":68}},"6":{"start":{"line":19,"column":0},"end":{"line":19,"column":61}},"7":{"start":{"line":20,"column":0},"end":{"line":20,"column":73}},"8":{"start":{"line":21,"column":0},"end":{"line":21,"column":70}},"9":{"start":{"line":22,"column":0},"end":{"line":22,"column":70}},"10":{"start":{"line":23,"column":0},"end":{"line":23,"column":59}},"11":{"start":{"line":24,"column":0},"end":{"line":24,"column":70}},"12":{"start":{"line":27,"column":7},"end":{"line":150,"column":null}},"13":{"start":{"line":29,"column":21},"end":{"line":29,"column":40}},"14":{"start":{"line":30,"column":21},"end":{"line":30,"column":43}},"15":{"start":{"line":31,"column":21},"end":{"line":31,"column":42}},"16":{"start":{"line":37,"column":4},"end":{"line":37,"column":49}},"17":{"start":{"line":43,"column":4},"end":{"line":43,"column":46}},"18":{"start":{"line":48,"column":4},"end":{"line":48,"column":56}},"19":{"start":{"line":64,"column":4},"end":{"line":64,"column":16}},"20":{"start":{"line":71,"column":4},"end":{"line":71,"column":56}},"21":{"start":{"line":82,"column":4},"end":{"line":82,"column":51}},"22":{"start":{"line":92,"column":4},"end":{"line":92,"column":59}},"23":{"start":{"line":102,"column":4},"end":{"line":102,"column":61}},"24":{"start":{"line":112,"column":4},"end":{"line":112,"column":68}},"25":{"start":{"line":122,"column":4},"end":{"line":122,"column":72}},"26":{"start":{"line":130,"column":4},"end":{"line":130,"column":67}},"27":{"start":{"line":141,"column":4},"end":{"line":141,"column":68}},"28":{"start":{"line":148,"column":4},"end":{"line":148,"column":75}},"29":{"start":{"line":27,"column":13},"end":{"line":27,"column":33}},"30":{"start":{"line":36,"column":8},"end":{"line":38,"column":null}},"31":{"start":{"line":42,"column":8},"end":{"line":44,"column":null}},"32":{"start":{"line":47,"column":8},"end":{"line":49,"column":null}},"33":{"start":{"line":52,"column":8},"end":{"line":52,"column":null}},"34":{"start":{"line":55,"column":8},"end":{"line":55,"column":null}},"35":{"start":{"line":58,"column":8},"end":{"line":58,"column":null}},"36":{"start":{"line":63,"column":8},"end":{"line":65,"column":null}},"37":{"start":{"line":70,"column":8},"end":{"line":72,"column":null}},"38":{"start":{"line":75,"column":8},"end":{"line":75,"column":null}},"39":{"start":{"line":81,"column":8},"end":{"line":83,"column":null}},"40":{"start":{"line":88,"column":8},"end":{"line":93,"column":null}},"41":{"start":{"line":98,"column":8},"end":{"line":103,"column":null}},"42":{"start":{"line":108,"column":8},"end":{"line":113,"column":null}},"43":{"start":{"line":118,"column":8},"end":{"line":123,"column":null}},"44":{"start":{"line":129,"column":8},"end":{"line":131,"column":null}},"45":{"start":{"line":137,"column":8},"end":{"line":142,"column":null}},"46":{"start":{"line":147,"column":8},"end":{"line":149,"column":null}},"47":{"start":{"line":27,"column":13},"end":{"line":150,"column":null}}},"fnMap":{"0":{"name":"(anonymous_4)","decl":{"start":{"line":28,"column":2},"end":{"line":28,"column":null}},"loc":{"start":{"line":31,"column":61},"end":{"line":32,"column":6}}},"1":{"name":"(anonymous_5)","decl":{"start":{"line":36,"column":2},"end":{"line":36,"column":7}},"loc":{"start":{"line":36,"column":44},"end":{"line":38,"column":3}}},"2":{"name":"(anonymous_6)","decl":{"start":{"line":42,"column":2},"end":{"line":42,"column":7}},"loc":{"start":{"line":42,"column":40},"end":{"line":44,"column":3}}},"3":{"name":"(anonymous_7)","decl":{"start":{"line":47,"column":2},"end":{"line":47,"column":7}},"loc":{"start":{"line":47,"column":58},"end":{"line":49,"column":3}}},"4":{"name":"(anonymous_8)","decl":{"start":{"line":52,"column":2},"end":{"line":52,"column":7}},"loc":{"start":{"line":52,"column":14},"end":{"line":52,"column":19}}},"5":{"name":"(anonymous_9)","decl":{"start":{"line":55,"column":2},"end":{"line":55,"column":7}},"loc":{"start":{"line":55,"column":18},"end":{"line":55,"column":23}}},"6":{"name":"(anonymous_10)","decl":{"start":{"line":58,"column":2},"end":{"line":58,"column":7}},"loc":{"start":{"line":58,"column":21},"end":{"line":58,"column":26}}},"7":{"name":"(anonymous_11)","decl":{"start":{"line":63,"column":2},"end":{"line":63,"column":7}},"loc":{"start":{"line":63,"column":41},"end":{"line":65,"column":3}}},"8":{"name":"(anonymous_12)","decl":{"start":{"line":70,"column":2},"end":{"line":70,"column":7}},"loc":{"start":{"line":70,"column":76},"end":{"line":72,"column":3}}},"9":{"name":"(anonymous_13)","decl":{"start":{"line":75,"column":2},"end":{"line":75,"column":7}},"loc":{"start":{"line":75,"column":14},"end":{"line":75,"column":19}}},"10":{"name":"(anonymous_14)","decl":{"start":{"line":81,"column":2},"end":{"line":81,"column":7}},"loc":{"start":{"line":81,"column":50},"end":{"line":83,"column":3}}},"11":{"name":"(anonymous_15)","decl":{"start":{"line":88,"column":2},"end":{"line":88,"column":7}},"loc":{"start":{"line":90,"column":34},"end":{"line":93,"column":3}}},"12":{"name":"(anonymous_16)","decl":{"start":{"line":98,"column":2},"end":{"line":98,"column":7}},"loc":{"start":{"line":100,"column":34},"end":{"line":103,"column":3}}},"13":{"name":"(anonymous_17)","decl":{"start":{"line":108,"column":2},"end":{"line":108,"column":7}},"loc":{"start":{"line":110,"column":41},"end":{"line":113,"column":3}}},"14":{"name":"(anonymous_18)","decl":{"start":{"line":118,"column":2},"end":{"line":118,"column":7}},"loc":{"start":{"line":120,"column":41},"end":{"line":123,"column":3}}},"15":{"name":"(anonymous_19)","decl":{"start":{"line":129,"column":2},"end":{"line":129,"column":7}},"loc":{"start":{"line":129,"column":46},"end":{"line":131,"column":3}}},"16":{"name":"(anonymous_20)","decl":{"start":{"line":137,"column":2},"end":{"line":137,"column":7}},"loc":{"start":{"line":139,"column":45},"end":{"line":142,"column":3}}},"17":{"name":"(anonymous_21)","decl":{"start":{"line":147,"column":2},"end":{"line":147,"column":7}},"loc":{"start":{"line":147,"column":49},"end":{"line":149,"column":3}}}},"branchMap":{},"s":{"0":0,"1":0,"2":0,"3":0,"4":0,"5":0,"6":0,"7":0,"8":0,"9":0,"10":0,"11":0,"12":0,"13":0,"14":0,"15":0,"16":0,"17":0,"18":0,"19":0,"20":0,"21":0,"22":0,"23":0,"24":0,"25":0,"26":0,"27":0,"28":0,"29":0,"30":0,"31":0,"32":0,"33":0,"34":0,"35":0,"36":0,"37":0,"38":0,"39":0,"40":0,"41":0,"42":0,"43":0,"44":0,"45":0,"46":0,"47":0},"f":{"0":0,"1":0,"2":0,"3":0,"4":0,"5":0,"6":0,"7":0,"8":0,"9":0,"10":0,"11":0,"12":0,"13":0,"14":0,"15":0,"16":0,"17":0},"b":{}}
,"C:\\Users\\cirob\\Projects\\ecommerce\\api\\src\\auth\\auth-person.service.ts": {"path":"C:\\Users\\cirob\\Projects\\ecommerce\\api\\src\\auth\\auth-person.service.ts","statementMap":{"0":{"start":{"line":1,"column":0},"end":{"line":1,"column":null}},"1":{"start":{"line":6,"column":0},"end":{"line":6,"column":65}},"2":{"start":{"line":8,"column":0},"end":{"line":8,"column":67}},"3":{"start":{"line":10,"column":0},"end":{"line":10,"column":33}},"4":{"start":{"line":14,"column":7},"end":{"line":80,"column":null}},"5":{"start":{"line":16,"column":21},"end":{"line":16,"column":40}},"6":{"start":{"line":17,"column":21},"end":{"line":17,"column":41}},"7":{"start":{"line":21,"column":17},"end":{"line":21,"column":58}},"8":{"start":{"line":22,"column":4},"end":{"line":22,"column":16}},"9":{"start":{"line":26,"column":37},"end":{"line":26,"column":41}},"10":{"start":{"line":29,"column":6},"end":{"line":30,"column":70}},"11":{"start":{"line":36,"column":4},"end":{"line":36,"column":80}},"12":{"start":{"line":36,"column":15},"end":{"line":36,"column":80}},"13":{"start":{"line":38,"column":4},"end":{"line":40,"column":5}},"14":{"start":{"line":39,"column":6},"end":{"line":39,"column":71}},"15":{"start":{"line":42,"column":4},"end":{"line":42,"column":58}},"16":{"start":{"line":44,"column":4},"end":{"line":44,"column":54}},"17":{"start":{"line":49,"column":6},"end":{"line":49,"column":70}},"18":{"start":{"line":51,"column":4},"end":{"line":53,"column":5}},"19":{"start":{"line":52,"column":6},"end":{"line":52,"column":63}},"20":{"start":{"line":55,"column":28},"end":{"line":55,"column":74}},"21":{"start":{"line":57,"column":4},"end":{"line":57,"column":27}},"22":{"start":{"line":61,"column":57},"end":{"line":61,"column":61}},"23":{"start":{"line":63,"column":4},"end":{"line":70,"column":7}},"24":{"start":{"line":72,"column":4},"end":{"line":72,"column":53}},"25":{"start":{"line":14,"column":13},"end":{"line":14,"column":30}},"26":{"start":{"line":14,"column":13},"end":{"line":80,"column":null}}},"fnMap":{"0":{"name":"(anonymous_2)","decl":{"start":{"line":15,"column":2},"end":{"line":15,"column":null}},"loc":{"start":{"line":17,"column":59},"end":{"line":18,"column":6}}},"1":{"name":"(anonymous_3)","decl":{"start":{"line":20,"column":2},"end":{"line":20,"column":7}},"loc":{"start":{"line":20,"column":36},"end":{"line":23,"column":3}}},"2":{"name":"(anonymous_4)","decl":{"start":{"line":25,"column":2},"end":{"line":25,"column":7}},"loc":{"start":{"line":25,"column":32},"end":{"line":45,"column":3}}},"3":{"name":"(anonymous_5)","decl":{"start":{"line":47,"column":2},"end":{"line":47,"column":7}},"loc":{"start":{"line":47,"column":36},"end":{"line":58,"column":3}}},"4":{"name":"(anonymous_6)","decl":{"start":{"line":60,"column":2},"end":{"line":60,"column":7}},"loc":{"start":{"line":60,"column":50},"end":{"line":73,"column":3}}},"5":{"name":"(anonymous_7)","decl":{"start":{"line":75,"column":2},"end":{"line":75,"column":7}},"loc":{"start":{"line":75,"column":14},"end":{"line":75,"column":19}}},"6":{"name":"(anonymous_8)","decl":{"start":{"line":77,"column":2},"end":{"line":77,"column":7}},"loc":{"start":{"line":77,"column":13},"end":{"line":77,"column":18}}},"7":{"name":"(anonymous_9)","decl":{"start":{"line":79,"column":2},"end":{"line":79,"column":7}},"loc":{"start":{"line":79,"column":14},"end":{"line":79,"column":19}}}},"branchMap":{"0":{"loc":{"start":{"line":29,"column":6},"end":{"line":30,"column":70}},"type":"binary-expr","locations":[{"start":{"line":29,"column":7},"end":{"line":29,"column":10}},{"start":{"line":29,"column":15},"end":{"line":29,"column":62}},{"start":{"line":30,"column":7},"end":{"line":30,"column":12}},{"start":{"line":30,"column":17},"end":{"line":30,"column":68}}]},"1":{"loc":{"start":{"line":36,"column":4},"end":{"line":36,"column":80}},"type":"if","locations":[{"start":{"line":36,"column":4},"end":{"line":36,"column":80}}]},"2":{"loc":{"start":{"line":38,"column":4},"end":{"line":40,"column":5}},"type":"if","locations":[{"start":{"line":38,"column":4},"end":{"line":40,"column":5}}]},"3":{"loc":{"start":{"line":51,"column":4},"end":{"line":53,"column":5}},"type":"if","locations":[{"start":{"line":51,"column":4},"end":{"line":53,"column":5}}]}},"s":{"0":0,"1":0,"2":0,"3":0,"4":0,"5":0,"6":0,"7":0,"8":0,"9":0,"10":0,"11":0,"12":0,"13":0,"14":0,"15":0,"16":0,"17":0,"18":0,"19":0,"20":0,"21":0,"22":0,"23":0,"24":0,"25":0,"26":0},"f":{"0":0,"1":0,"2":0,"3":0,"4":0,"5":0,"6":0,"7":0},"b":{"0":[0,0,0,0],"1":[0],"2":[0],"3":[0]}}
,"C:\\Users\\cirob\\Projects\\ecommerce\\api\\src\\auth\\auth.module.ts": {"path":"C:\\Users\\cirob\\Projects\\ecommerce\\api\\src\\auth\\auth.module.ts","statementMap":{"0":{"start":{"line":1,"column":0},"end":{"line":1,"column":52}},"1":{"start":{"line":2,"column":0},"end":{"line":2,"column":53}},"2":{"start":{"line":3,"column":0},"end":{"line":3,"column":64}},"3":{"start":{"line":4,"column":0},"end":{"line":4,"column":58}},"4":{"start":{"line":5,"column":0},"end":{"line":5,"column":60}},"5":{"start":{"line":6,"column":0},"end":{"line":6,"column":66}},"6":{"start":{"line":7,"column":0},"end":{"line":7,"column":50}},"7":{"start":{"line":8,"column":0},"end":{"line":8,"column":56}},"8":{"start":{"line":9,"column":0},"end":{"line":9,"column":56}},"9":{"start":{"line":10,"column":0},"end":{"line":10,"column":59}},"10":{"start":{"line":28,"column":7},"end":{"line":28,"column":null}},"11":{"start":{"line":28,"column":13},"end":{"line":28,"column":23}},"12":{"start":{"line":28,"column":13},"end":{"line":28,"column":null}},"13":{"start":{"line":16,"column":21},"end":{"line":16,"column":32}},"14":{"start":{"line":17,"column":21},"end":{"line":17,"column":31}},"15":{"start":{"line":18,"column":21},"end":{"line":18,"column":33}},"16":{"start":{"line":19,"column":21},"end":{"line":19,"column":34}}},"fnMap":{"0":{"name":"(anonymous_1)","decl":{"start":{"line":16,"column":15},"end":{"line":16,"column":18}},"loc":{"start":{"line":16,"column":21},"end":{"line":16,"column":32}}},"1":{"name":"(anonymous_2)","decl":{"start":{"line":17,"column":15},"end":{"line":17,"column":18}},"loc":{"start":{"line":17,"column":21},"end":{"line":17,"column":31}}},"2":{"name":"(anonymous_3)","decl":{"start":{"line":18,"column":15},"end":{"line":18,"column":18}},"loc":{"start":{"line":18,"column":21},"end":{"line":18,"column":33}}},"3":{"name":"(anonymous_4)","decl":{"start":{"line":19,"column":15},"end":{"line":19,"column":18}},"loc":{"start":{"line":19,"column":21},"end":{"line":19,"column":34}}}},"branchMap":{},"s":{"0":0,"1":0,"2":0,"3":0,"4":0,"5":0,"6":0,"7":0,"8":0,"9":0,"10":0,"11":0,"12":0,"13":0,"14":0,"15":0,"16":0},"f":{"0":0,"1":0,"2":0,"3":0},"b":{}}
,"C:\\Users\\cirob\\Projects\\ecommerce\\api\\src\\auth\\dtos\\auth-login.dto.ts": {"path":"C:\\Users\\cirob\\Projects\\ecommerce\\api\\src\\auth\\dtos\\auth-login.dto.ts","statementMap":{"0":{"start":{"line":1,"column":0},"end":{"line":1,"column":null}},"1":{"start":{"line":8,"column":0},"end":{"line":8,"column":73}},"2":{"start":{"line":10,"column":0},"end":{"line":10,"column":13}},"3":{"start":{"line":14,"column":2},"end":{"line":14,"column":null}},"4":{"start":{"line":19,"column":2},"end":{"line":19,"column":null}},"5":{"start":{"line":24,"column":2},"end":{"line":24,"column":null}},"6":{"start":{"line":35,"column":2},"end":{"line":35,"column":null}}},"fnMap":{},"branchMap":{},"s":{"0":0,"1":0,"2":0,"3":0,"4":0,"5":0,"6":0},"f":{},"b":{}}
,"C:\\Users\\cirob\\Projects\\ecommerce\\api\\src\\auth\\guards\\auth.guard.ts": {"path":"C:\\Users\\cirob\\Projects\\ecommerce\\api\\src\\auth\\guards\\auth.guard.ts","statementMap":{"0":{"start":{"line":1,"column":0},"end":{"line":1,"column":75}},"1":{"start":{"line":2,"column":0},"end":{"line":2,"column":68}},"2":{"start":{"line":3,"column":0},"end":{"line":3,"column":67}},"3":{"start":{"line":6,"column":7},"end":{"line":26,"column":null}},"4":{"start":{"line":8,"column":21},"end":{"line":8,"column":41}},"5":{"start":{"line":9,"column":21},"end":{"line":9,"column":40}},"6":{"start":{"line":13,"column":20},"end":{"line":13,"column":55}},"7":{"start":{"line":14,"column":30},"end":{"line":14,"column":45}},"8":{"start":{"line":15,"column":17},"end":{"line":17,"column":6}},"9":{"start":{"line":18,"column":4},"end":{"line":18,"column":27}},"10":{"start":{"line":19,"column":4},"end":{"line":19,"column":71}},"11":{"start":{"line":20,"column":4},"end":{"line":20,"column":33}},"12":{"start":{"line":21,"column":4},"end":{"line":21,"column":16}},"13":{"start":{"line":24,"column":4},"end":{"line":24,"column":17}},"14":{"start":{"line":6,"column":13},"end":{"line":6,"column":28}},"15":{"start":{"line":6,"column":13},"end":{"line":26,"column":null}}},"fnMap":{"0":{"name":"(anonymous_2)","decl":{"start":{"line":7,"column":2},"end":{"line":7,"column":null}},"loc":{"start":{"line":9,"column":57},"end":{"line":10,"column":6}}},"1":{"name":"(anonymous_3)","decl":{"start":{"line":12,"column":2},"end":{"line":12,"column":7}},"loc":{"start":{"line":12,"column":45},"end":{"line":22,"column":3}}},"2":{"name":"(anonymous_4)","decl":{"start":{"line":23,"column":2},"end":{"line":23,"column":7}},"loc":{"start":{"line":23,"column":18},"end":{"line":25,"column":3}}}},"branchMap":{"0":{"loc":{"start":{"line":16,"column":7},"end":{"line":16,"column":26}},"type":"binary-expr","locations":[{"start":{"line":16,"column":7},"end":{"line":16,"column":20}},{"start":{"line":16,"column":24},"end":{"line":16,"column":26}}]}},"s":{"0":0,"1":0,"2":0,"3":0,"4":0,"5":0,"6":0,"7":0,"8":0,"9":0,"10":0,"11":0,"12":0,"13":0,"14":0,"15":0},"f":{"0":0,"1":0,"2":0},"b":{"0":[0,0]}}
,"C:\\Users\\cirob\\Projects\\ecommerce\\api\\src\\avatar\\avatar-company.service.ts": {"path":"C:\\Users\\cirob\\Projects\\ecommerce\\api\\src\\avatar\\avatar-company.service.ts","statementMap":{"0":{"start":{"line":1,"column":0},"end":{"line":1,"column":52}},"1":{"start":{"line":2,"column":0},"end":{"line":2,"column":null}},"2":{"start":{"line":7,"column":0},"end":{"line":7,"column":73}},"3":{"start":{"line":8,"column":0},"end":{"line":8,"column":55}},"4":{"start":{"line":11,"column":7},"end":{"line":22,"column":null}},"5":{"start":{"line":14,"column":21},"end":{"line":14,"column":37}},"6":{"start":{"line":16,"column":21},"end":{"line":16,"column":57}},"7":{"start":{"line":11,"column":13},"end":{"line":11,"column":33}},"8":{"start":{"line":11,"column":13},"end":{"line":22,"column":null}}},"fnMap":{"0":{"name":"(anonymous_4)","decl":{"start":{"line":12,"column":2},"end":{"line":12,"column":null}},"loc":{"start":{"line":16,"column":57},"end":{"line":17,"column":6}}},"1":{"name":"(anonymous_5)","decl":{"start":{"line":19,"column":2},"end":{"line":19,"column":7}},"loc":{"start":{"line":19,"column":18},"end":{"line":19,"column":23}}},"2":{"name":"(anonymous_6)","decl":{"start":{"line":21,"column":2},"end":{"line":21,"column":7}},"loc":{"start":{"line":21,"column":22},"end":{"line":21,"column":27}}}},"branchMap":{},"s":{"0":0,"1":0,"2":0,"3":0,"4":0,"5":0,"6":0,"7":0,"8":0},"f":{"0":0,"1":0,"2":0},"b":{}}
,"C:\\Users\\cirob\\Projects\\ecommerce\\api\\src\\avatar\\avatar-person.service.ts": {"path":"C:\\Users\\cirob\\Projects\\ecommerce\\api\\src\\avatar\\avatar-person.service.ts","statementMap":{"0":{"start":{"line":1,"column":0},"end":{"line":1,"column":null}},"1":{"start":{"line":7,"column":0},"end":{"line":7,"column":null}},"2":{"start":{"line":12,"column":0},"end":{"line":12,"column":55}},"3":{"start":{"line":13,"column":0},"end":{"line":13,"column":73}},"4":{"start":{"line":16,"column":7},"end":{"line":95,"column":null}},"5":{"start":{"line":19,"column":21},"end":{"line":19,"column":37}},"6":{"start":{"line":21,"column":21},"end":{"line":21,"column":57}},"7":{"start":{"line":25,"column":4},"end":{"line":66,"column":5}},"8":{"start":{"line":26,"column":40},"end":{"line":29,"column":33}},"9":{"start":{"line":31,"column":6},"end":{"line":32,"column":29}},"10":{"start":{"line":32,"column":8},"end":{"line":32,"column":29}},"11":{"start":{"line":34,"column":27},"end":{"line":39,"column":null}},"12":{"start":{"line":42,"column":6},"end":{"line":42,"column":34}},"13":{"start":{"line":44,"column":53},"end":{"line":47,"column":17}},"14":{"start":{"line":49,"column":6},"end":{"line":49,"column":39}},"15":{"start":{"line":49,"column":22},"end":{"line":49,"column":39}},"16":{"start":{"line":51,"column":22},"end":{"line":51,"column":37}},"17":{"start":{"line":53,"column":51},"end":{"line":56,"column":26}},"18":{"start":{"line":58,"column":6},"end":{"line":58,"column":37}},"19":{"start":{"line":58,"column":21},"end":{"line":58,"column":37}},"20":{"start":{"line":60,"column":6},"end":{"line":60,"column":41}},"21":{"start":{"line":62,"column":6},"end":{"line":64,"column":7}},"22":{"start":{"line":63,"column":8},"end":{"line":63,"column":53}},"23":{"start":{"line":65,"column":6},"end":{"line":65,"column":18}},"24":{"start":{"line":70,"column":4},"end":{"line":73,"column":26}},"25":{"start":{"line":78,"column":6},"end":{"line":82,"column":17}},"26":{"start":{"line":87,"column":26},"end":{"line":87,"column":47}},"27":{"start":{"line":89,"column":31},"end":{"line":90,"column":null}},"28":{"start":{"line":93,"column":4},"end":{"line":93,"column":41}},"29":{"start":{"line":16,"column":13},"end":{"line":16,"column":32}},"30":{"start":{"line":16,"column":13},"end":{"line":95,"column":null}}},"fnMap":{"0":{"name":"(anonymous_4)","decl":{"start":{"line":17,"column":2},"end":{"line":17,"column":null}},"loc":{"start":{"line":21,"column":57},"end":{"line":22,"column":6}}},"1":{"name":"(anonymous_5)","decl":{"start":{"line":24,"column":2},"end":{"line":24,"column":7}},"loc":{"start":{"line":24,"column":64},"end":{"line":67,"column":3}}},"2":{"name":"(anonymous_6)","decl":{"start":{"line":69,"column":2},"end":{"line":69,"column":7}},"loc":{"start":{"line":69,"column":39},"end":{"line":74,"column":3}}},"3":{"name":"(anonymous_7)","decl":{"start":{"line":76,"column":2},"end":{"line":76,"column":7}},"loc":{"start":{"line":76,"column":54},"end":{"line":94,"column":3}}}},"branchMap":{"0":{"loc":{"start":{"line":31,"column":6},"end":{"line":32,"column":29}},"type":"if","locations":[{"start":{"line":31,"column":6},"end":{"line":32,"column":29}}]},"1":{"loc":{"start":{"line":31,"column":10},"end":{"line":31,"column":59}},"type":"binary-expr","locations":[{"start":{"line":31,"column":10},"end":{"line":31,"column":24}},{"start":{"line":31,"column":28},"end":{"line":31,"column":59}}]},"2":{"loc":{"start":{"line":49,"column":6},"end":{"line":49,"column":39}},"type":"if","locations":[{"start":{"line":49,"column":6},"end":{"line":49,"column":39}}]},"3":{"loc":{"start":{"line":58,"column":6},"end":{"line":58,"column":37}},"type":"if","locations":[{"start":{"line":58,"column":6},"end":{"line":58,"column":37}}]},"4":{"loc":{"start":{"line":62,"column":6},"end":{"line":64,"column":7}},"type":"if","locations":[{"start":{"line":62,"column":6},"end":{"line":64,"column":7}}]},"5":{"loc":{"start":{"line":62,"column":10},"end":{"line":62,"column":75}},"type":"binary-expr","locations":[{"start":{"line":62,"column":10},"end":{"line":62,"column":48}},{"start":{"line":62,"column":52},"end":{"line":62,"column":75}}]}},"s":{"0":0,"1":0,"2":0,"3":0,"4":0,"5":0,"6":0,"7":0,"8":0,"9":0,"10":0,"11":0,"12":0,"13":0,"14":0,"15":0,"16":0,"17":0,"18":0,"19":0,"20":0,"21":0,"22":0,"23":0,"24":0,"25":0,"26":0,"27":0,"28":0,"29":0,"30":0},"f":{"0":0,"1":0,"2":0,"3":0},"b":{"0":[0],"1":[0,0],"2":[0],"3":[0],"4":[0],"5":[0,0]}}
,"C:\\Users\\cirob\\Projects\\ecommerce\\api\\src\\avatar\\avatar.module.ts": {"path":"C:\\Users\\cirob\\Projects\\ecommerce\\api\\src\\avatar\\avatar.module.ts","statementMap":{"0":{"start":{"line":1,"column":0},"end":{"line":1,"column":52}},"1":{"start":{"line":2,"column":0},"end":{"line":2,"column":72}},"2":{"start":{"line":3,"column":0},"end":{"line":3,"column":62}},"3":{"start":{"line":4,"column":0},"end":{"line":4,"column":64}},"4":{"start":{"line":5,"column":0},"end":{"line":5,"column":50}},"5":{"start":{"line":17,"column":7},"end":{"line":17,"column":null}},"6":{"start":{"line":17,"column":13},"end":{"line":17,"column":25}},"7":{"start":{"line":17,"column":13},"end":{"line":17,"column":null}},"8":{"start":{"line":11,"column":21},"end":{"line":11,"column":31}}},"fnMap":{"0":{"name":"(anonymous_1)","decl":{"start":{"line":11,"column":15},"end":{"line":11,"column":18}},"loc":{"start":{"line":11,"column":21},"end":{"line":11,"column":31}}}},"branchMap":{},"s":{"0":0,"1":0,"2":0,"3":0,"4":0,"5":0,"6":0,"7":0,"8":0},"f":{"0":0},"b":{}}
,"C:\\Users\\cirob\\Projects\\ecommerce\\api\\src\\cloudinary\\cloudinary.provider.ts": {"path":"C:\\Users\\cirob\\Projects\\ecommerce\\api\\src\\cloudinary\\cloudinary.provider.ts","statementMap":{"0":{"start":{"line":1,"column":0},"end":{"line":1,"column":46}},"1":{"start":{"line":2,"column":0},"end":{"line":2,"column":69}},"2":{"start":{"line":4,"column":13},"end":{"line":14,"column":2}},"3":{"start":{"line":7,"column":4},"end":{"line":11,"column":7}},"4":{"start":{"line":12,"column":4},"end":{"line":12,"column":22}}},"fnMap":{"0":{"name":"(anonymous_0)","decl":{"start":{"line":6,"column":14},"end":{"line":6,"column":17}},"loc":{"start":{"line":6,"column":19},"end":{"line":13,"column":3}}}},"branchMap":{},"s":{"0":0,"1":0,"2":0,"3":0,"4":0},"f":{"0":0},"b":{}}
,"C:\\Users\\cirob\\Projects\\ecommerce\\api\\src\\supabase\\supabase.module.ts": {"path":"C:\\Users\\cirob\\Projects\\ecommerce\\api\\src\\supabase\\supabase.module.ts","statementMap":{"0":{"start":{"line":1,"column":0},"end":{"line":1,"column":48}},"1":{"start":{"line":2,"column":0},"end":{"line":2,"column":53}},"2":{"start":{"line":3,"column":0},"end":{"line":3,"column":72}},"3":{"start":{"line":19,"column":7},"end":{"line":19,"column":null}},"4":{"start":{"line":19,"column":13},"end":{"line":19,"column":27}},"5":{"start":{"line":19,"column":13},"end":{"line":19,"column":null}},"6":{"start":{"line":11,"column":28},"end":{"line":11,"column":52}},"7":{"start":{"line":12,"column":28},"end":{"line":12,"column":52}},"8":{"start":{"line":13,"column":8},"end":{"line":13,"column":54}}},"fnMap":{"0":{"name":"(anonymous_1)","decl":{"start":{"line":10,"column":18},"end":{"line":10,"column":21}},"loc":{"start":{"line":10,"column":23},"end":{"line":14,"column":7}}}},"branchMap":{},"s":{"0":1,"1":1,"2":1,"3":1,"4":1,"5":1,"6":10,"7":10,"8":10},"f":{"0":10},"b":{}}
,"C:\\Users\\cirob\\Projects\\ecommerce\\api\\src\\token\\token-company.service.ts": {"path":"C:\\Users\\cirob\\Projects\\ecommerce\\api\\src\\token\\token-company.service.ts","statementMap":{"0":{"start":{"line":1,"column":0},"end":{"line":1,"column":44}},"1":{"start":{"line":2,"column":0},"end":{"line":2,"column":41}},"2":{"start":{"line":5,"column":7},"end":{"line":13,"column":null}},"3":{"start":{"line":6,"column":31},"end":{"line":6,"column":50}},"4":{"start":{"line":5,"column":13},"end":{"line":5,"column":32}},"5":{"start":{"line":5,"column":13},"end":{"line":13,"column":null}}},"fnMap":{"0":{"name":"(anonymous_2)","decl":{"start":{"line":6,"column":2},"end":{"line":6,"column":31}},"loc":{"start":{"line":6,"column":60},"end":{"line":6,"column":64}}},"1":{"name":"(anonymous_3)","decl":{"start":{"line":8,"column":2},"end":{"line":8,"column":11}},"loc":{"start":{"line":8,"column":11},"end":{"line":8,"column":16}}},"2":{"name":"(anonymous_4)","decl":{"start":{"line":10,"column":2},"end":{"line":10,"column":13}},"loc":{"start":{"line":10,"column":13},"end":{"line":10,"column":18}}},"3":{"name":"(anonymous_5)","decl":{"start":{"line":12,"column":2},"end":{"line":12,"column":9}},"loc":{"start":{"line":12,"column":9},"end":{"line":12,"column":14}}}},"branchMap":{},"s":{"0":0,"1":0,"2":0,"3":0,"4":0,"5":0},"f":{"0":0,"1":0,"2":0,"3":0},"b":{}}
,"C:\\Users\\cirob\\Projects\\ecommerce\\api\\src\\token\\token-person.service.ts": {"path":"C:\\Users\\cirob\\Projects\\ecommerce\\api\\src\\token\\token-person.service.ts","statementMap":{"0":{"start":{"line":1,"column":0},"end":{"line":1,"column":65}},"1":{"start":{"line":2,"column":0},"end":{"line":2,"column":41}},"2":{"start":{"line":5,"column":7},"end":{"line":59,"column":null}},"3":{"start":{"line":6,"column":31},"end":{"line":6,"column":49}},"4":{"start":{"line":10,"column":4},"end":{"line":32,"column":6}},"5":{"start":{"line":36,"column":4},"end":{"line":43,"column":5}},"6":{"start":{"line":37,"column":22},"end":{"line":39,"column":8}},"7":{"start":{"line":40,"column":6},"end":{"line":40,"column":21}},"8":{"start":{"line":42,"column":6},"end":{"line":42,"column":18}},"9":{"start":{"line":47,"column":4},"end":{"line":55,"column":5}},"10":{"start":{"line":48,"column":22},"end":{"line":51,"column":8}},"11":{"start":{"line":52,"column":6},"end":{"line":52,"column":21}},"12":{"start":{"line":54,"column":6},"end":{"line":54,"column":43}},"13":{"start":{"line":5,"column":13},"end":{"line":5,"column":31}},"14":{"start":{"line":5,"column":13},"end":{"line":59,"column":null}}},"fnMap":{"0":{"name":"(anonymous_2)","decl":{"start":{"line":6,"column":2},"end":{"line":6,"column":31}},"loc":{"start":{"line":6,"column":59},"end":{"line":6,"column":63}}},"1":{"name":"(anonymous_3)","decl":{"start":{"line":8,"column":2},"end":{"line":8,"column":11}},"loc":{"start":{"line":8,"column":27},"end":{"line":33,"column":3}}},"2":{"name":"(anonymous_4)","decl":{"start":{"line":35,"column":2},"end":{"line":35,"column":7}},"loc":{"start":{"line":35,"column":49},"end":{"line":44,"column":3}}},"3":{"name":"(anonymous_5)","decl":{"start":{"line":46,"column":2},"end":{"line":46,"column":13}},"loc":{"start":{"line":46,"column":27},"end":{"line":56,"column":3}}},"4":{"name":"(anonymous_6)","decl":{"start":{"line":58,"column":2},"end":{"line":58,"column":9}},"loc":{"start":{"line":58,"column":9},"end":{"line":58,"column":14}}}},"branchMap":{},"s":{"0":0,"1":0,"2":0,"3":0,"4":0,"5":0,"6":0,"7":0,"8":0,"9":0,"10":0,"11":0,"12":0,"13":0,"14":0},"f":{"0":0,"1":0,"2":0,"3":0,"4":0},"b":{}}
,"C:\\Users\\cirob\\Projects\\ecommerce\\api\\src\\token\\token.module.ts": {"path":"C:\\Users\\cirob\\Projects\\ecommerce\\api\\src\\token\\token.module.ts","statementMap":{"0":{"start":{"line":1,"column":0},"end":{"line":1,"column":40}},"1":{"start":{"line":2,"column":0},"end":{"line":2,"column":40}},"2":{"start":{"line":3,"column":0},"end":{"line":3,"column":60}},"3":{"start":{"line":4,"column":0},"end":{"line":4,"column":46}},"4":{"start":{"line":19,"column":7},"end":{"line":19,"column":null}},"5":{"start":{"line":19,"column":13},"end":{"line":19,"column":24}},"6":{"start":{"line":19,"column":13},"end":{"line":19,"column":null}}},"fnMap":{},"branchMap":{},"s":{"0":0,"1":0,"2":0,"3":0,"4":0,"5":0,"6":0},"f":{},"b":{}}
,"C:\\Users\\cirob\\Projects\\ecommerce\\api\\src\\user\\user-company.service.ts": {"path":"C:\\Users\\cirob\\Projects\\ecommerce\\api\\src\\user\\user-company.service.ts","statementMap":{"0":{"start":{"line":1,"column":0},"end":{"line":1,"column":52}},"1":{"start":{"line":2,"column":0},"end":{"line":2,"column":55}},"2":{"start":{"line":3,"column":0},"end":{"line":3,"column":73}},"3":{"start":{"line":6,"column":7},"end":{"line":11,"column":null}},"4":{"start":{"line":9,"column":21},"end":{"line":9,"column":37}},"5":{"start":{"line":6,"column":13},"end":{"line":6,"column":27}},"6":{"start":{"line":6,"column":13},"end":{"line":11,"column":null}}},"fnMap":{"0":{"name":"(anonymous_4)","decl":{"start":{"line":7,"column":2},"end":{"line":7,"column":null}},"loc":{"start":{"line":9,"column":51},"end":{"line":10,"column":6}}}},"branchMap":{},"s":{"0":0,"1":0,"2":0,"3":0,"4":0,"5":0,"6":0},"f":{"0":0},"b":{}}
,"C:\\Users\\cirob\\Projects\\ecommerce\\api\\src\\user\\user-person.service.ts": {"path":"C:\\Users\\cirob\\Projects\\ecommerce\\api\\src\\user\\user-person.service.ts","statementMap":{"0":{"start":{"line":1,"column":0},"end":{"line":1,"column":73}},"1":{"start":{"line":2,"column":0},"end":{"line":2,"column":72}},"2":{"start":{"line":3,"column":0},"end":{"line":3,"column":55}},"3":{"start":{"line":5,"column":0},"end":{"line":5,"column":57}},"4":{"start":{"line":6,"column":0},"end":{"line":6,"column":51}},"5":{"start":{"line":7,"column":0},"end":{"line":7,"column":33}},"6":{"start":{"line":8,"column":0},"end":{"line":8,"column":45}},"7":{"start":{"line":28,"column":7},"end":{"line":173,"column":null}},"8":{"start":{"line":31,"column":21},"end":{"line":31,"column":37}},"9":{"start":{"line":35,"column":28},"end":{"line":41,"column":15}},"10":{"start":{"line":43,"column":4},"end":{"line":43,"column":27}},"11":{"start":{"line":43,"column":15},"end":{"line":43,"column":27}},"12":{"start":{"line":49,"column":4},"end":{"line":49,"column":16}},"13":{"start":{"line":53,"column":28},"end":{"line":59,"column":15}},"14":{"start":{"line":61,"column":4},"end":{"line":65,"column":5}},"15":{"start":{"line":64,"column":6},"end":{"line":64,"column":18}},"16":{"start":{"line":67,"column":4},"end":{"line":67,"column":16}},"17":{"start":{"line":71,"column":28},"end":{"line":75,"column":15}},"18":{"start":{"line":77,"column":4},"end":{"line":81,"column":5}},"19":{"start":{"line":80,"column":6},"end":{"line":80,"column":18}},"20":{"start":{"line":83,"column":4},"end":{"line":83,"column":16}},"21":{"start":{"line":89,"column":74},"end":{"line":89,"column":78}},"22":{"start":{"line":91,"column":4},"end":{"line":92,"column":59}},"23":{"start":{"line":92,"column":6},"end":{"line":92,"column":59}},"24":{"start":{"line":94,"column":4},"end":{"line":95,"column":57}},"25":{"start":{"line":95,"column":6},"end":{"line":95,"column":57}},"26":{"start":{"line":98,"column":49},"end":{"line":109,"column":25}},"27":{"start":{"line":111,"column":4},"end":{"line":111,"column":35}},"28":{"start":{"line":111,"column":19},"end":{"line":111,"column":35}},"29":{"start":{"line":113,"column":19},"end":{"line":113,"column":30}},"30":{"start":{"line":116,"column":4},"end":{"line":125,"column":7}},"31":{"start":{"line":127,"column":4},"end":{"line":127,"column":52}},"32":{"start":{"line":136,"column":57},"end":{"line":136,"column":61}},"33":{"start":{"line":138,"column":4},"end":{"line":145,"column":5}},"34":{"start":{"line":139,"column":35},"end":{"line":142,"column":25}},"35":{"start":{"line":144,"column":6},"end":{"line":144,"column":37}},"36":{"start":{"line":144,"column":21},"end":{"line":144,"column":37}},"37":{"start":{"line":147,"column":4},"end":{"line":154,"column":5}},"38":{"start":{"line":148,"column":37},"end":{"line":151,"column":30}},"39":{"start":{"line":153,"column":6},"end":{"line":153,"column":41}},"40":{"start":{"line":153,"column":23},"end":{"line":153,"column":41}},"41":{"start":{"line":156,"column":4},"end":{"line":156,"column":52}},"42":{"start":{"line":162,"column":22},"end":{"line":167,"column":23}},"43":{"start":{"line":169,"column":4},"end":{"line":169,"column":27}},"44":{"start":{"line":169,"column":15},"end":{"line":169,"column":27}},"45":{"start":{"line":171,"column":4},"end":{"line":171,"column":63}},"46":{"start":{"line":28,"column":13},"end":{"line":28,"column":30}},"47":{"start":{"line":28,"column":13},"end":{"line":173,"column":null}}},"fnMap":{"0":{"name":"(anonymous_4)","decl":{"start":{"line":29,"column":2},"end":{"line":29,"column":null}},"loc":{"start":{"line":31,"column":51},"end":{"line":32,"column":6}}},"1":{"name":"(anonymous_5)","decl":{"start":{"line":34,"column":2},"end":{"line":34,"column":7}},"loc":{"start":{"line":34,"column":35},"end":{"line":50,"column":3}}},"2":{"name":"(anonymous_6)","decl":{"start":{"line":52,"column":2},"end":{"line":52,"column":7}},"loc":{"start":{"line":52,"column":37},"end":{"line":68,"column":3}}},"3":{"name":"(anonymous_7)","decl":{"start":{"line":70,"column":2},"end":{"line":70,"column":7}},"loc":{"start":{"line":70,"column":33},"end":{"line":84,"column":3}}},"4":{"name":"(anonymous_8)","decl":{"start":{"line":86,"column":2},"end":{"line":86,"column":7}},"loc":{"start":{"line":86,"column":34},"end":{"line":128,"column":3}}},"5":{"name":"(anonymous_9)","decl":{"start":{"line":130,"column":2},"end":{"line":130,"column":7}},"loc":{"start":{"line":132,"column":23},"end":{"line":157,"column":3}}},"6":{"name":"(anonymous_10)","decl":{"start":{"line":159,"column":2},"end":{"line":159,"column":7}},"loc":{"start":{"line":159,"column":38},"end":{"line":172,"column":3}}}},"branchMap":{"0":{"loc":{"start":{"line":43,"column":4},"end":{"line":43,"column":27}},"type":"if","locations":[{"start":{"line":43,"column":4},"end":{"line":43,"column":27}}]},"1":{"loc":{"start":{"line":61,"column":4},"end":{"line":65,"column":5}},"type":"if","locations":[{"start":{"line":61,"column":4},"end":{"line":65,"column":5}}]},"2":{"loc":{"start":{"line":61,"column":8},"end":{"line":61,"column":42}},"type":"binary-expr","locations":[{"start":{"line":61,"column":8},"end":{"line":61,"column":13}},{"start":{"line":61,"column":17},"end":{"line":61,"column":42}}]},"3":{"loc":{"start":{"line":77,"column":4},"end":{"line":81,"column":5}},"type":"if","locations":[{"start":{"line":77,"column":4},"end":{"line":81,"column":5}}]},"4":{"loc":{"start":{"line":77,"column":8},"end":{"line":77,"column":42}},"type":"binary-expr","locations":[{"start":{"line":77,"column":8},"end":{"line":77,"column":13}},{"start":{"line":77,"column":17},"end":{"line":77,"column":42}}]},"5":{"loc":{"start":{"line":91,"column":4},"end":{"line":92,"column":59}},"type":"if","locations":[{"start":{"line":91,"column":4},"end":{"line":92,"column":59}}]},"6":{"loc":{"start":{"line":94,"column":4},"end":{"line":95,"column":57}},"type":"if","locations":[{"start":{"line":94,"column":4},"end":{"line":95,"column":57}}]},"7":{"loc":{"start":{"line":111,"column":4},"end":{"line":111,"column":35}},"type":"if","locations":[{"start":{"line":111,"column":4},"end":{"line":111,"column":35}}]},"8":{"loc":{"start":{"line":121,"column":12},"end":{"line":121,"column":22}},"type":"binary-expr","locations":[{"start":{"line":121,"column":12},"end":{"line":121,"column":14}},{"start":{"line":121,"column":18},"end":{"line":121,"column":22}}]},"9":{"loc":{"start":{"line":122,"column":16},"end":{"line":122,"column":37}},"type":"binary-expr","locations":[{"start":{"line":122,"column":16},"end":{"line":122,"column":22}},{"start":{"line":122,"column":26},"end":{"line":122,"column":37}}]},"10":{"loc":{"start":{"line":123,"column":20},"end":{"line":123,"column":38}},"type":"binary-expr","locations":[{"start":{"line":123,"column":20},"end":{"line":123,"column":30}},{"start":{"line":123,"column":34},"end":{"line":123,"column":38}}]},"11":{"loc":{"start":{"line":138,"column":4},"end":{"line":145,"column":5}},"type":"if","locations":[{"start":{"line":138,"column":4},"end":{"line":145,"column":5}}]},"12":{"loc":{"start":{"line":144,"column":6},"end":{"line":144,"column":37}},"type":"if","locations":[{"start":{"line":144,"column":6},"end":{"line":144,"column":37}}]},"13":{"loc":{"start":{"line":147,"column":4},"end":{"line":154,"column":5}},"type":"if","locations":[{"start":{"line":147,"column":4},"end":{"line":154,"column":5}}]},"14":{"loc":{"start":{"line":147,"column":8},"end":{"line":147,"column":49}},"type":"binary-expr","locations":[{"start":{"line":147,"column":8},"end":{"line":147,"column":12}},{"start":{"line":147,"column":16},"end":{"line":147,"column":19}},{"start":{"line":147,"column":23},"end":{"line":147,"column":29}},{"start":{"line":147,"column":33},"end":{"line":147,"column":35}},{"start":{"line":147,"column":39},"end":{"line":147,"column":49}}]},"15":{"loc":{"start":{"line":153,"column":6},"end":{"line":153,"column":41}},"type":"if","locations":[{"start":{"line":153,"column":6},"end":{"line":153,"column":41}}]},"16":{"loc":{"start":{"line":169,"column":4},"end":{"line":169,"column":27}},"type":"if","locations":[{"start":{"line":169,"column":4},"end":{"line":169,"column":27}}]}},"s":{"0":1,"1":1,"2":1,"3":1,"4":1,"5":1,"6":1,"7":1,"8":10,"9":1,"10":1,"11":0,"12":1,"13":1,"14":1,"15":0,"16":1,"17":1,"18":1,"19":0,"20":1,"21":1,"22":1,"23":0,"24":1,"25":0,"26":1,"27":1,"28":0,"29":1,"30":1,"31":1,"32":4,"33":4,"34":2,"35":2,"36":0,"37":4,"38":2,"39":2,"40":0,"41":4,"42":1,"43":1,"44":0,"45":1,"46":1,"47":1},"f":{"0":10,"1":1,"2":1,"3":1,"4":1,"5":4,"6":1},"b":{"0":[0],"1":[0],"2":[1,0],"3":[0],"4":[1,0],"5":[0],"6":[0],"7":[0],"8":[1,1],"9":[1,0],"10":[1,0],"11":[2],"12":[0],"13":[2],"14":[4,2,2,2,2],"15":[0],"16":[0]}}
,"C:\\Users\\cirob\\Projects\\ecommerce\\api\\src\\user\\user.module.ts": {"path":"C:\\Users\\cirob\\Projects\\ecommerce\\api\\src\\user\\user.module.ts","statementMap":{"0":{"start":{"line":1,"column":0},"end":{"line":1,"column":40}},"1":{"start":{"line":2,"column":0},"end":{"line":2,"column":58}},"2":{"start":{"line":10,"column":7},"end":{"line":10,"column":null}},"3":{"start":{"line":10,"column":13},"end":{"line":10,"column":23}},"4":{"start":{"line":10,"column":13},"end":{"line":10,"column":null}}},"fnMap":{},"branchMap":{},"s":{"0":0,"1":0,"2":0,"3":0,"4":0},"f":{},"b":{}}
,"C:\\Users\\cirob\\Projects\\ecommerce\\api\\src\\user\\decorators\\user.decorator.ts": {"path":"C:\\Users\\cirob\\Projects\\ecommerce\\api\\src\\user\\decorators\\user.decorator.ts","statementMap":{"0":{"start":{"line":1,"column":0},"end":{"line":1,"column":null}},"1":{"start":{"line":7,"column":13},"end":{"line":18,"column":2}},"2":{"start":{"line":9,"column":20},"end":{"line":9,"column":55}},"3":{"start":{"line":10,"column":4},"end":{"line":16,"column":5}},"4":{"start":{"line":11,"column":6},"end":{"line":11,"column":26}},"5":{"start":{"line":13,"column":6},"end":{"line":15,"column":8}}},"fnMap":{"0":{"name":"(anonymous_0)","decl":{"start":{"line":8,"column":2},"end":{"line":8,"column":3}},"loc":{"start":{"line":8,"column":48},"end":{"line":17,"column":3}}}},"branchMap":{"0":{"loc":{"start":{"line":10,"column":4},"end":{"line":16,"column":5}},"type":"if","locations":[{"start":{"line":10,"column":4},"end":{"line":16,"column":5}},{"start":{"line":12,"column":11},"end":{"line":16,"column":5}}]}},"s":{"0":0,"1":0,"2":0,"3":0,"4":0,"5":0},"f":{"0":0},"b":{"0":[0,0]}}
,"C:\\Users\\cirob\\Projects\\ecommerce\\api\\src\\user\\dtos\\company-create.dto.ts": {"path":"C:\\Users\\cirob\\Projects\\ecommerce\\api\\src\\user\\dtos\\company-create.dto.ts","statementMap":{"0":{"start":{"line":1,"column":0},"end":{"line":1,"column":67}},"1":{"start":{"line":2,"column":0},"end":{"line":2,"column":68}},"2":{"start":{"line":3,"column":0},"end":{"line":3,"column":63}},"3":{"start":{"line":5,"column":0},"end":{"line":5,"column":13}},"4":{"start":{"line":8,"column":2},"end":{"line":8,"column":null}},"5":{"start":{"line":12,"column":2},"end":{"line":12,"column":null}},"6":{"start":{"line":17,"column":2},"end":{"line":17,"column":null}},"7":{"start":{"line":21,"column":2},"end":{"line":21,"column":null}},"8":{"start":{"line":25,"column":2},"end":{"line":25,"column":null}},"9":{"start":{"line":30,"column":2},"end":{"line":30,"column":null}}},"fnMap":{},"branchMap":{},"s":{"0":0,"1":0,"2":0,"3":0,"4":0,"5":0,"6":0,"7":0,"8":0,"9":0},"f":{},"b":{}}
,"C:\\Users\\cirob\\Projects\\ecommerce\\api\\src\\user\\dtos\\company-update.dto.ts": {"path":"C:\\Users\\cirob\\Projects\\ecommerce\\api\\src\\user\\dtos\\company-update.dto.ts","statementMap":{"0":{"start":{"line":1,"column":0},"end":{"line":1,"column":67}},"1":{"start":{"line":2,"column":0},"end":{"line":2,"column":68}},"2":{"start":{"line":3,"column":0},"end":{"line":3,"column":63}},"3":{"start":{"line":5,"column":0},"end":{"line":5,"column":13}},"4":{"start":{"line":8,"column":2},"end":{"line":8,"column":null}},"5":{"start":{"line":12,"column":2},"end":{"line":12,"column":null}},"6":{"start":{"line":17,"column":2},"end":{"line":17,"column":null}},"7":{"start":{"line":21,"column":2},"end":{"line":21,"column":null}},"8":{"start":{"line":25,"column":2},"end":{"line":25,"column":null}},"9":{"start":{"line":30,"column":2},"end":{"line":30,"column":null}}},"fnMap":{},"branchMap":{},"s":{"0":0,"1":0,"2":0,"3":0,"4":0,"5":0,"6":0,"7":0,"8":0,"9":0},"f":{},"b":{}}
,"C:\\Users\\cirob\\Projects\\ecommerce\\api\\src\\user\\dtos\\user-create.dto.ts": {"path":"C:\\Users\\cirob\\Projects\\ecommerce\\api\\src\\user\\dtos\\user-create.dto.ts","statementMap":{"0":{"start":{"line":1,"column":0},"end":{"line":1,"column":null}},"1":{"start":{"line":9,"column":0},"end":{"line":9,"column":65}},"2":{"start":{"line":10,"column":0},"end":{"line":10,"column":65}},"3":{"start":{"line":11,"column":0},"end":{"line":11,"column":63}},"4":{"start":{"line":12,"column":0},"end":{"line":12,"column":46}},"5":{"start":{"line":14,"column":0},"end":{"line":14,"column":13}},"6":{"start":{"line":18,"column":2},"end":{"line":18,"column":null}},"7":{"start":{"line":23,"column":2},"end":{"line":23,"column":null}},"8":{"start":{"line":34,"column":2},"end":{"line":34,"column":null}},"9":{"start":{"line":38,"column":2},"end":{"line":38,"column":null}},"10":{"start":{"line":43,"column":2},"end":{"line":43,"column":null}},"11":{"start":{"line":47,"column":2},"end":{"line":47,"column":null}},"12":{"start":{"line":51,"column":2},"end":{"line":51,"column":null}},"13":{"start":{"line":56,"column":2},"end":{"line":56,"column":null}}},"fnMap":{},"branchMap":{},"s":{"0":0,"1":0,"2":0,"3":0,"4":0,"5":0,"6":0,"7":0,"8":0,"9":0,"10":0,"11":0,"12":0,"13":0},"f":{},"b":{}}
,"C:\\Users\\cirob\\Projects\\ecommerce\\api\\src\\user\\dtos\\user-update.dto.ts": {"path":"C:\\Users\\cirob\\Projects\\ecommerce\\api\\src\\user\\dtos\\user-update.dto.ts","statementMap":{"0":{"start":{"line":1,"column":0},"end":{"line":1,"column":63}},"1":{"start":{"line":2,"column":0},"end":{"line":2,"column":61}},"2":{"start":{"line":3,"column":0},"end":{"line":3,"column":65}},"3":{"start":{"line":4,"column":0},"end":{"line":4,"column":63}},"4":{"start":{"line":5,"column":0},"end":{"line":5,"column":46}},"5":{"start":{"line":7,"column":0},"end":{"line":7,"column":13}},"6":{"start":{"line":10,"column":2},"end":{"line":10,"column":null}},"7":{"start":{"line":15,"column":2},"end":{"line":15,"column":null}},"8":{"start":{"line":19,"column":2},"end":{"line":19,"column":null}},"9":{"start":{"line":23,"column":2},"end":{"line":23,"column":null}},"10":{"start":{"line":28,"column":2},"end":{"line":28,"column":null}},"11":{"start":{"line":33,"column":2},"end":{"line":33,"column":null}}},"fnMap":{},"branchMap":{},"s":{"0":0,"1":0,"2":0,"3":0,"4":0,"5":0,"6":0,"7":0,"8":0,"9":0,"10":0,"11":0},"f":{},"b":{}}
,"C:\\Users\\cirob\\Projects\\ecommerce\\api\\src\\user\\enums\\gender.enum.ts": {"path":"C:\\Users\\cirob\\Projects\\ecommerce\\api\\src\\user\\enums\\gender.enum.ts","statementMap":{"0":{"start":{"line":1,"column":0},"end":{"line":1,"column":null}},"1":{"start":{"line":2,"column":2},"end":{"line":2,"column":null}},"2":{"start":{"line":3,"column":2},"end":{"line":3,"column":null}},"3":{"start":{"line":4,"column":2},"end":{"line":4,"column":null}},"4":{"start":{"line":5,"column":2},"end":{"line":5,"column":null}}},"fnMap":{"0":{"name":"(anonymous_0)","decl":{"start":{"line":1,"column":0},"end":{"line":1,"column":12}},"loc":{"start":{"line":1,"column":18},"end":{"line":6,"column":1}}}},"branchMap":{"0":{"loc":{"start":{"line":1,"column":12},"end":{"line":1,"column":null}},"type":"binary-expr","locations":[{"start":{"line":1,"column":12},"end":{"line":1,"column":18}},{"start":{"line":1,"column":18},"end":{"line":1,"column":null}}]}},"s":{"0":1,"1":1,"2":1,"3":1,"4":1},"f":{"0":1},"b":{"0":[1,1]}}
,"C:\\Users\\cirob\\Projects\\ecommerce\\api\\src\\user\\enums\\privileges.enum.ts": {"path":"C:\\Users\\cirob\\Projects\\ecommerce\\api\\src\\user\\enums\\privileges.enum.ts","statementMap":{"0":{"start":{"line":1,"column":0},"end":{"line":1,"column":null}},"1":{"start":{"line":2,"column":2},"end":{"line":2,"column":null}},"2":{"start":{"line":3,"column":2},"end":{"line":3,"column":null}}},"fnMap":{"0":{"name":"(anonymous_0)","decl":{"start":{"line":1,"column":0},"end":{"line":1,"column":12}},"loc":{"start":{"line":1,"column":26},"end":{"line":4,"column":1}}}},"branchMap":{"0":{"loc":{"start":{"line":1,"column":12},"end":{"line":1,"column":null}},"type":"binary-expr","locations":[{"start":{"line":1,"column":12},"end":{"line":1,"column":26}},{"start":{"line":1,"column":26},"end":{"line":1,"column":null}}]}},"s":{"0":1,"1":1,"2":1},"f":{"0":1},"b":{"0":[1,1]}}
,"C:\\Users\\cirob\\Projects\\ecommerce\\api\\src\\user\\enums\\user-types.enum.ts": {"path":"C:\\Users\\cirob\\Projects\\ecommerce\\api\\src\\user\\enums\\user-types.enum.ts","statementMap":{"0":{"start":{"line":1,"column":0},"end":{"line":1,"column":null}},"1":{"start":{"line":2,"column":2},"end":{"line":2,"column":null}},"2":{"start":{"line":3,"column":2},"end":{"line":3,"column":null}}},"fnMap":{"0":{"name":"(anonymous_0)","decl":{"start":{"line":1,"column":0},"end":{"line":1,"column":12}},"loc":{"start":{"line":1,"column":20},"end":{"line":4,"column":1}}}},"branchMap":{"0":{"loc":{"start":{"line":1,"column":12},"end":{"line":1,"column":null}},"type":"binary-expr","locations":[{"start":{"line":1,"column":12},"end":{"line":1,"column":20}},{"start":{"line":1,"column":20},"end":{"line":1,"column":null}}]}},"s":{"0":1,"1":1,"2":1},"f":{"0":1},"b":{"0":[1,1]}}
,"C:\\Users\\cirob\\Projects\\ecommerce\\api\\src\\utils\\docValidator.ts": {"path":"C:\\Users\\cirob\\Projects\\ecommerce\\api\\src\\utils\\docValidator.ts","statementMap":{"0":{"start":{"line":6,"column":4},"end":{"line":6,"column":19}},"1":{"start":{"line":7,"column":4},"end":{"line":7,"column":41}},"2":{"start":{"line":11,"column":4},"end":{"line":11,"column":40}},"3":{"start":{"line":11,"column":27},"end":{"line":11,"column":40}},"4":{"start":{"line":12,"column":4},"end":{"line":12,"column":44}},"5":{"start":{"line":12,"column":31},"end":{"line":12,"column":44}},"6":{"start":{"line":13,"column":21},"end":{"line":13,"column":36}},"7":{"start":{"line":14,"column":23},"end":{"line":14,"column":63}},"8":{"start":{"line":15,"column":24},"end":{"line":15,"column":77}},"9":{"start":{"line":16,"column":4},"end":{"line":16,"column":60}},"10":{"start":{"line":20,"column":19},"end":{"line":20,"column":35}},"11":{"start":{"line":21,"column":4},"end":{"line":36,"column":5}},"12":{"start":{"line":23,"column":21},"end":{"line":25,"column":13}},"13":{"start":{"line":24,"column":10},"end":{"line":24,"column":52}},"14":{"start":{"line":26,"column":23},"end":{"line":26,"column":40}},"15":{"start":{"line":27,"column":8},"end":{"line":27,"column":46}},"16":{"start":{"line":29,"column":21},"end":{"line":31,"column":13}},"17":{"start":{"line":30,"column":10},"end":{"line":30,"column":46}},"18":{"start":{"line":32,"column":23},"end":{"line":32,"column":40}},"19":{"start":{"line":33,"column":8},"end":{"line":33,"column":46}},"20":{"start":{"line":35,"column":8},"end":{"line":35,"column":45}},"21":{"start":{"line":40,"column":23},"end":{"line":40,"column":56}},"22":{"start":{"line":41,"column":24},"end":{"line":41,"column":70}},"23":{"start":{"line":42,"column":4},"end":{"line":42,"column":48}},"24":{"start":{"line":1,"column":0},"end":{"line":1,"column":13}},"25":{"start":{"line":51,"column":4},"end":{"line":51,"column":21}},"26":{"start":{"line":52,"column":4},"end":{"line":52,"column":43}},"27":{"start":{"line":56,"column":4},"end":{"line":56,"column":41}},"28":{"start":{"line":56,"column":28},"end":{"line":56,"column":41}},"29":{"start":{"line":57,"column":4},"end":{"line":57,"column":45}},"30":{"start":{"line":57,"column":32},"end":{"line":57,"column":45}},"31":{"start":{"line":58,"column":21},"end":{"line":58,"column":38}},"32":{"start":{"line":59,"column":23},"end":{"line":59,"column":65}},"33":{"start":{"line":60,"column":24},"end":{"line":60,"column":79}},"34":{"start":{"line":61,"column":4},"end":{"line":61,"column":63}},"35":{"start":{"line":65,"column":19},"end":{"line":65,"column":35}},"36":{"start":{"line":66,"column":4},"end":{"line":83,"column":5}},"37":{"start":{"line":68,"column":21},"end":{"line":71,"column":13}},"38":{"start":{"line":69,"column":10},"end":{"line":69,"column":67}},"39":{"start":{"line":69,"column":25},"end":{"line":69,"column":67}},"40":{"start":{"line":70,"column":10},"end":{"line":70,"column":52}},"41":{"start":{"line":72,"column":23},"end":{"line":72,"column":40}},"42":{"start":{"line":73,"column":8},"end":{"line":73,"column":46}},"43":{"start":{"line":75,"column":21},"end":{"line":78,"column":13}},"44":{"start":{"line":76,"column":10},"end":{"line":76,"column":67}},"45":{"start":{"line":76,"column":25},"end":{"line":76,"column":67}},"46":{"start":{"line":77,"column":10},"end":{"line":77,"column":52}},"47":{"start":{"line":79,"column":23},"end":{"line":79,"column":40}},"48":{"start":{"line":80,"column":8},"end":{"line":80,"column":46}},"49":{"start":{"line":82,"column":8},"end":{"line":82,"column":45}},"50":{"start":{"line":87,"column":23},"end":{"line":87,"column":57}},"51":{"start":{"line":88,"column":24},"end":{"line":88,"column":71}},"52":{"start":{"line":89,"column":4},"end":{"line":89,"column":48}},"53":{"start":{"line":46,"column":0},"end":{"line":46,"column":13}}},"fnMap":{"0":{"name":"(anonymous_0)","decl":{"start":{"line":5,"column":2},"end":{"line":5,"column":14}},"loc":{"start":{"line":5,"column":25},"end":{"line":8,"column":3}}},"1":{"name":"(anonymous_1)","decl":{"start":{"line":10,"column":10},"end":{"line":10,"column":21}},"loc":{"start":{"line":10,"column":33},"end":{"line":17,"column":3}}},"2":{"name":"(anonymous_2)","decl":{"start":{"line":19,"column":2},"end":{"line":19,"column":8}},"loc":{"start":{"line":19,"column":44},"end":{"line":37,"column":3}}},"3":{"name":"(anonymous_3)","decl":{"start":{"line":23,"column":48},"end":{"line":23,"column":49}},"loc":{"start":{"line":23,"column":76},"end":{"line":25,"column":9}}},"4":{"name":"(anonymous_4)","decl":{"start":{"line":29,"column":48},"end":{"line":29,"column":49}},"loc":{"start":{"line":29,"column":76},"end":{"line":31,"column":9}}},"5":{"name":"(anonymous_5)","decl":{"start":{"line":39,"column":2},"end":{"line":39,"column":8}},"loc":{"start":{"line":39,"column":39},"end":{"line":43,"column":3}}},"6":{"name":"(anonymous_6)","decl":{"start":{"line":50,"column":2},"end":{"line":50,"column":14}},"loc":{"start":{"line":50,"column":26},"end":{"line":53,"column":3}}},"7":{"name":"(anonymous_7)","decl":{"start":{"line":55,"column":10},"end":{"line":55,"column":22}},"loc":{"start":{"line":55,"column":35},"end":{"line":62,"column":3}}},"8":{"name":"(anonymous_8)","decl":{"start":{"line":64,"column":2},"end":{"line":64,"column":8}},"loc":{"start":{"line":64,"column":45},"end":{"line":84,"column":3}}},"9":{"name":"(anonymous_9)","decl":{"start":{"line":68,"column":48},"end":{"line":68,"column":49}},"loc":{"start":{"line":68,"column":71},"end":{"line":71,"column":9}}},"10":{"name":"(anonymous_10)","decl":{"start":{"line":75,"column":48},"end":{"line":75,"column":49}},"loc":{"start":{"line":75,"column":71},"end":{"line":78,"column":9}}},"11":{"name":"(anonymous_11)","decl":{"start":{"line":86,"column":2},"end":{"line":86,"column":8}},"loc":{"start":{"line":86,"column":39},"end":{"line":90,"column":3}}}},"branchMap":{"0":{"loc":{"start":{"line":11,"column":4},"end":{"line":11,"column":40}},"type":"if","locations":[{"start":{"line":11,"column":4},"end":{"line":11,"column":40}}]},"1":{"loc":{"start":{"line":12,"column":4},"end":{"line":12,"column":44}},"type":"if","locations":[{"start":{"line":12,"column":4},"end":{"line":12,"column":44}}]},"2":{"loc":{"start":{"line":16,"column":11},"end":{"line":16,"column":59}},"type":"binary-expr","locations":[{"start":{"line":16,"column":11},"end":{"line":16,"column":32}},{"start":{"line":16,"column":36},"end":{"line":16,"column":59}}]},"3":{"loc":{"start":{"line":21,"column":4},"end":{"line":36,"column":5}},"type":"switch","locations":[{"start":{"line":22,"column":6},"end":{"line":27,"column":46}},{"start":{"line":28,"column":6},"end":{"line":33,"column":46}},{"start":{"line":34,"column":6},"end":{"line":35,"column":45}}]},"4":{"loc":{"start":{"line":27,"column":15},"end":{"line":27,"column":45}},"type":"cond-expr","locations":[{"start":{"line":27,"column":33},"end":{"line":27,"column":36}},{"start":{"line":27,"column":39},"end":{"line":27,"column":45}}]},"5":{"loc":{"start":{"line":33,"column":15},"end":{"line":33,"column":45}},"type":"cond-expr","locations":[{"start":{"line":33,"column":33},"end":{"line":33,"column":36}},{"start":{"line":33,"column":39},"end":{"line":33,"column":45}}]},"6":{"loc":{"start":{"line":56,"column":4},"end":{"line":56,"column":41}},"type":"if","locations":[{"start":{"line":56,"column":4},"end":{"line":56,"column":41}}]},"7":{"loc":{"start":{"line":57,"column":4},"end":{"line":57,"column":45}},"type":"if","locations":[{"start":{"line":57,"column":4},"end":{"line":57,"column":45}}]},"8":{"loc":{"start":{"line":61,"column":11},"end":{"line":61,"column":62}},"type":"binary-expr","locations":[{"start":{"line":61,"column":11},"end":{"line":61,"column":34}},{"start":{"line":61,"column":38},"end":{"line":61,"column":62}}]},"9":{"loc":{"start":{"line":66,"column":4},"end":{"line":83,"column":5}},"type":"switch","locations":[{"start":{"line":67,"column":6},"end":{"line":73,"column":46}},{"start":{"line":74,"column":6},"end":{"line":80,"column":46}},{"start":{"line":81,"column":6},"end":{"line":82,"column":45}}]},"10":{"loc":{"start":{"line":69,"column":10},"end":{"line":69,"column":67}},"type":"if","locations":[{"start":{"line":69,"column":10},"end":{"line":69,"column":67}}]},"11":{"loc":{"start":{"line":73,"column":15},"end":{"line":73,"column":45}},"type":"cond-expr","locations":[{"start":{"line":73,"column":33},"end":{"line":73,"column":36}},{"start":{"line":73,"column":39},"end":{"line":73,"column":45}}]},"12":{"loc":{"start":{"line":76,"column":10},"end":{"line":76,"column":67}},"type":"if","locations":[{"start":{"line":76,"column":10},"end":{"line":76,"column":67}}]},"13":{"loc":{"start":{"line":80,"column":15},"end":{"line":80,"column":45}},"type":"cond-expr","locations":[{"start":{"line":80,"column":33},"end":{"line":80,"column":36}},{"start":{"line":80,"column":39},"end":{"line":80,"column":45}}]}},"s":{"0":0,"1":0,"2":0,"3":0,"4":0,"5":0,"6":0,"7":0,"8":0,"9":0,"10":0,"11":0,"12":0,"13":0,"14":0,"15":0,"16":0,"17":0,"18":0,"19":0,"20":0,"21":0,"22":0,"23":0,"24":0,"25":0,"26":0,"27":0,"28":0,"29":0,"30":0,"31":0,"32":0,"33":0,"34":0,"35":0,"36":0,"37":0,"38":0,"39":0,"40":0,"41":0,"42":0,"43":0,"44":0,"45":0,"46":0,"47":0,"48":0,"49":0,"50":0,"51":0,"52":0,"53":0},"f":{"0":0,"1":0,"2":0,"3":0,"4":0,"5":0,"6":0,"7":0,"8":0,"9":0,"10":0,"11":0},"b":{"0":[0],"1":[0],"2":[0,0],"3":[0,0,0],"4":[0,0],"5":[0,0],"6":[0],"7":[0],"8":[0,0],"9":[0,0,0],"10":[0],"11":[0,0],"12":[0],"13":[0,0]}}
,"C:\\Users\\cirob\\Projects\\ecommerce\\api\\src\\utils\\constants\\cloudinary.constants.ts": {"path":"C:\\Users\\cirob\\Projects\\ecommerce\\api\\src\\utils\\constants\\cloudinary.constants.ts","statementMap":{"0":{"start":{"line":1,"column":13},"end":{"line":1,"column":39}},"1":{"start":{"line":2,"column":13},"end":{"line":2,"column":77}},"2":{"start":{"line":3,"column":13},"end":{"line":3,"column":79}},"3":{"start":{"line":4,"column":13},"end":{"line":4,"column":62}},"4":{"start":{"line":5,"column":13},"end":{"line":5,"column":60}}},"fnMap":{},"branchMap":{},"s":{"0":0,"1":0,"2":0,"3":0,"4":0},"f":{},"b":{}}
,"C:\\Users\\cirob\\Projects\\ecommerce\\api\\src\\utils\\constants\\supabase.constants.ts": {"path":"C:\\Users\\cirob\\Projects\\ecommerce\\api\\src\\utils\\constants\\supabase.constants.ts","statementMap":{"0":{"start":{"line":1,"column":13},"end":{"line":1,"column":49}}},"fnMap":{},"branchMap":{},"s":{"0":1},"f":{},"b":{}}
,"C:\\Users\\cirob\\Projects\\ecommerce\\api\\src\\utils\\validators\\cep.validator.ts": {"path":"C:\\Users\\cirob\\Projects\\ecommerce\\api\\src\\utils\\validators\\cep.validator.ts","statementMap":{"0":{"start":{"line":21,"column":0},"end":{"line":21,"column":16}},"1":{"start":{"line":1,"column":0},"end":{"line":1,"column":null}},"2":{"start":{"line":10,"column":0},"end":{"line":19,"column":null}},"3":{"start":{"line":12,"column":21},"end":{"line":12,"column":30}},"4":{"start":{"line":13,"column":4},"end":{"line":13,"column":30}},"5":{"start":{"line":17,"column":4},"end":{"line":17,"column":28}},"6":{"start":{"line":10,"column":6},"end":{"line":19,"column":null}},"7":{"start":{"line":22,"column":2},"end":{"line":30,"column":4}},"8":{"start":{"line":23,"column":4},"end":{"line":29,"column":7}}},"fnMap":{"0":{"name":"(anonymous_1)","decl":{"start":{"line":11,"column":2},"end":{"line":11,"column":10}},"loc":{"start":{"line":11,"column":49},"end":{"line":14,"column":3}}},"1":{"name":"(anonymous_2)","decl":{"start":{"line":16,"column":2},"end":{"line":16,"column":16}},"loc":{"start":{"line":16,"column":42},"end":{"line":18,"column":3}}},"2":{"name":"IsCEP","decl":{"start":{"line":21,"column":16},"end":{"line":21,"column":21}},"loc":{"start":{"line":21,"column":59},"end":{"line":31,"column":1}}},"3":{"name":"(anonymous_4)","decl":{"start":{"line":22,"column":9},"end":{"line":22,"column":19}},"loc":{"start":{"line":22,"column":55},"end":{"line":30,"column":3}}}},"branchMap":{},"s":{"0":0,"1":0,"2":0,"3":0,"4":0,"5":0,"6":0,"7":0,"8":0},"f":{"0":0,"1":0,"2":0,"3":0},"b":{}}
,"C:\\Users\\cirob\\Projects\\ecommerce\\api\\src\\utils\\validators\\date.validator.ts": {"path":"C:\\Users\\cirob\\Projects\\ecommerce\\api\\src\\utils\\validators\\date.validator.ts","statementMap":{"0":{"start":{"line":31,"column":0},"end":{"line":31,"column":16}},"1":{"start":{"line":1,"column":0},"end":{"line":1,"column":null}},"2":{"start":{"line":10,"column":0},"end":{"line":29,"column":null}},"3":{"start":{"line":17,"column":6},"end":{"line":17,"column":212}},"4":{"start":{"line":19,"column":4},"end":{"line":21,"column":5}},"5":{"start":{"line":20,"column":6},"end":{"line":20,"column":19}},"6":{"start":{"line":23,"column":4},"end":{"line":23,"column":16}},"7":{"start":{"line":27,"column":4},"end":{"line":27,"column":26}},"8":{"start":{"line":10,"column":6},"end":{"line":29,"column":null}},"9":{"start":{"line":32,"column":2},"end":{"line":40,"column":4}},"10":{"start":{"line":33,"column":4},"end":{"line":39,"column":7}}},"fnMap":{"0":{"name":"(anonymous_1)","decl":{"start":{"line":11,"column":2},"end":{"line":11,"column":10}},"loc":{"start":{"line":11,"column":50},"end":{"line":24,"column":3}}},"1":{"name":"(anonymous_2)","decl":{"start":{"line":26,"column":2},"end":{"line":26,"column":16}},"loc":{"start":{"line":26,"column":42},"end":{"line":28,"column":3}}},"2":{"name":"IsDate","decl":{"start":{"line":31,"column":16},"end":{"line":31,"column":22}},"loc":{"start":{"line":31,"column":60},"end":{"line":41,"column":1}}},"3":{"name":"(anonymous_4)","decl":{"start":{"line":32,"column":9},"end":{"line":32,"column":19}},"loc":{"start":{"line":32,"column":55},"end":{"line":40,"column":3}}}},"branchMap":{"0":{"loc":{"start":{"line":19,"column":4},"end":{"line":21,"column":5}},"type":"if","locations":[{"start":{"line":19,"column":4},"end":{"line":21,"column":5}}]}},"s":{"0":0,"1":0,"2":0,"3":0,"4":0,"5":0,"6":0,"7":0,"8":0,"9":0,"10":0},"f":{"0":0,"1":0,"2":0,"3":0},"b":{"0":[0]}}
,"C:\\Users\\cirob\\Projects\\ecommerce\\api\\src\\utils\\validators\\documents.validator.ts": {"path":"C:\\Users\\cirob\\Projects\\ecommerce\\api\\src\\utils\\validators\\documents.validator.ts","statementMap":{"0":{"start":{"line":23,"column":0},"end":{"line":23,"column":16}},"1":{"start":{"line":48,"column":0},"end":{"line":48,"column":16}},"2":{"start":{"line":1,"column":0},"end":{"line":1,"column":null}},"3":{"start":{"line":8,"column":0},"end":{"line":8,"column":62}},"4":{"start":{"line":11,"column":0},"end":{"line":21,"column":null}},"5":{"start":{"line":16,"column":4},"end":{"line":16,"column":43}},"6":{"start":{"line":19,"column":4},"end":{"line":19,"column":25}},"7":{"start":{"line":11,"column":6},"end":{"line":21,"column":null}},"8":{"start":{"line":24,"column":2},"end":{"line":32,"column":4}},"9":{"start":{"line":25,"column":4},"end":{"line":31,"column":7}},"10":{"start":{"line":36,"column":0},"end":{"line":46,"column":null}},"11":{"start":{"line":41,"column":4},"end":{"line":41,"column":44}},"12":{"start":{"line":44,"column":4},"end":{"line":44,"column":26}},"13":{"start":{"line":36,"column":6},"end":{"line":46,"column":null}},"14":{"start":{"line":49,"column":2},"end":{"line":57,"column":4}},"15":{"start":{"line":50,"column":4},"end":{"line":56,"column":7}}},"fnMap":{"0":{"name":"(anonymous_1)","decl":{"start":{"line":12,"column":2},"end":{"line":12,"column":10}},"loc":{"start":{"line":14,"column":45},"end":{"line":17,"column":3}}},"1":{"name":"(anonymous_2)","decl":{"start":{"line":18,"column":2},"end":{"line":18,"column":16}},"loc":{"start":{"line":18,"column":58},"end":{"line":20,"column":3}}},"2":{"name":"IsCPF","decl":{"start":{"line":23,"column":16},"end":{"line":23,"column":21}},"loc":{"start":{"line":23,"column":59},"end":{"line":33,"column":1}}},"3":{"name":"(anonymous_4)","decl":{"start":{"line":24,"column":9},"end":{"line":24,"column":19}},"loc":{"start":{"line":24,"column":55},"end":{"line":32,"column":3}}},"4":{"name":"(anonymous_5)","decl":{"start":{"line":37,"column":2},"end":{"line":37,"column":10}},"loc":{"start":{"line":39,"column":45},"end":{"line":42,"column":3}}},"5":{"name":"(anonymous_6)","decl":{"start":{"line":43,"column":2},"end":{"line":43,"column":16}},"loc":{"start":{"line":43,"column":58},"end":{"line":45,"column":3}}},"6":{"name":"IsCNPJ","decl":{"start":{"line":48,"column":16},"end":{"line":48,"column":22}},"loc":{"start":{"line":48,"column":60},"end":{"line":58,"column":1}}},"7":{"name":"(anonymous_8)","decl":{"start":{"line":49,"column":9},"end":{"line":49,"column":19}},"loc":{"start":{"line":49,"column":55},"end":{"line":57,"column":3}}}},"branchMap":{},"s":{"0":0,"1":0,"2":0,"3":0,"4":0,"5":0,"6":0,"7":0,"8":0,"9":0,"10":0,"11":0,"12":0,"13":0,"14":0,"15":0},"f":{"0":0,"1":0,"2":0,"3":0,"4":0,"5":0,"6":0,"7":0},"b":{}}
,"C:\\Users\\cirob\\Projects\\ecommerce\\api\\src\\utils\\validators\\phone.validator.ts": {"path":"C:\\Users\\cirob\\Projects\\ecommerce\\api\\src\\utils\\validators\\phone.validator.ts","statementMap":{"0":{"start":{"line":23,"column":0},"end":{"line":23,"column":16}},"1":{"start":{"line":1,"column":0},"end":{"line":1,"column":null}},"2":{"start":{"line":10,"column":0},"end":{"line":21,"column":null}},"3":{"start":{"line":15,"column":23},"end":{"line":15,"column":59}},"4":{"start":{"line":16,"column":4},"end":{"line":16,"column":34}},"5":{"start":{"line":19,"column":4},"end":{"line":19,"column":34}},"6":{"start":{"line":10,"column":6},"end":{"line":21,"column":null}},"7":{"start":{"line":24,"column":2},"end":{"line":32,"column":4}},"8":{"start":{"line":25,"column":4},"end":{"line":31,"column":7}}},"fnMap":{"0":{"name":"(anonymous_1)","decl":{"start":{"line":11,"column":2},"end":{"line":11,"column":10}},"loc":{"start":{"line":13,"column":45},"end":{"line":17,"column":3}}},"1":{"name":"(anonymous_2)","decl":{"start":{"line":18,"column":2},"end":{"line":18,"column":16}},"loc":{"start":{"line":18,"column":58},"end":{"line":20,"column":3}}},"2":{"name":"IsPhone","decl":{"start":{"line":23,"column":16},"end":{"line":23,"column":23}},"loc":{"start":{"line":23,"column":61},"end":{"line":33,"column":1}}},"3":{"name":"(anonymous_4)","decl":{"start":{"line":24,"column":9},"end":{"line":24,"column":19}},"loc":{"start":{"line":24,"column":55},"end":{"line":32,"column":3}}}},"branchMap":{},"s":{"0":0,"1":0,"2":0,"3":0,"4":0,"5":0,"6":0,"7":0,"8":0},"f":{"0":0,"1":0,"2":0,"3":0},"b":{}}
}
