TN:
SF:src\app.module.ts
FN:15,(anonymous_1)
FN:16,(anonymous_2)
FN:17,(anonymous_3)
FN:18,(anonymous_4)
FNF:4
FNH:0
FNDA:0,(anonymous_1)
FNDA:0,(anonymous_2)
FNDA:0,(anonymous_3)
FNDA:0,(anonymous_4)
DA:1,0
DA:2,0
DA:3,0
DA:4,0
DA:5,0
DA:6,0
DA:7,0
DA:15,0
DA:16,0
DA:17,0
DA:18,0
DA:23,0
LF:12
LH:0
BRF:0
BRH:0
end_of_record
TN:
SF:src\main.ts
FN:5,bootstrap
FNF:1
FNH:0
FNDA:0,bootstrap
DA:1,0
DA:2,0
DA:3,0
DA:6,0
DA:7,0
DA:8,0
DA:9,0
DA:11,0
LF:8
LH:0
BRF:0
BRH:0
end_of_record
TN:
SF:src\address\address-company.service.ts
FN:7,(anonymous_4)
FN:12,(anonymous_5)
FN:14,(anonymous_6)
FN:16,(anonymous_7)
FN:18,(anonymous_8)
FN:20,(anonymous_9)
FNF:6
FNH:0
FNDA:0,(anonymous_4)
FNDA:0,(anonymous_5)
FNDA:0,(anonymous_6)
FNDA:0,(anonymous_7)
FNDA:0,(anonymous_8)
FNDA:0,(anonymous_9)
DA:1,0
DA:2,0
DA:3,0
DA:6,0
DA:9,0
LF:5
LH:0
BRF:0
BRH:0
end_of_record
TN:
SF:src\address\address-person.service.ts
FN:9,(anonymous_4)
FN:14,(anonymous_5)
FN:27,(anonymous_6)
FN:41,(anonymous_7)
FN:50,(anonymous_8)
FN:63,(anonymous_9)
FN:81,(anonymous_10)
FNF:7
FNH:0
FNDA:0,(anonymous_4)
FNDA:0,(anonymous_5)
FNDA:0,(anonymous_6)
FNDA:0,(anonymous_7)
FNDA:0,(anonymous_8)
FNDA:0,(anonymous_9)
FNDA:0,(anonymous_10)
DA:1,0
DA:4,0
DA:5,0
DA:8,0
DA:11,0
DA:15,0
DA:22,0
DA:24,0
DA:28,0
DA:30,0
DA:36,0
DA:37,0
DA:41,0
DA:42,0
DA:44,0
DA:51,0
DA:52,0
DA:58,0
DA:60,0
DA:64,0
DA:71,0
DA:73,0
DA:78,0
DA:82,0
DA:88,0
DA:90,0
DA:92,0
DA:101,0
DA:102,0
DA:104,0
DA:105,0
DA:112,0
DA:117,0
DA:119,0
LF:34
LH:0
BRDA:22,0,0,0
BRDA:36,1,0,0
BRDA:36,2,0,0
BRDA:36,2,1,0
BRDA:42,3,0,0
BRDA:58,4,0,0
BRDA:71,5,0,0
BRDA:88,6,0,0
BRDA:90,7,0,0
BRDA:101,8,0,0
BRDA:101,9,0,0
BRDA:101,9,1,0
BRDA:104,10,0,0
BRDA:117,11,0,0
BRF:14
BRH:0
end_of_record
TN:
SF:src\address\address.module.ts
FN:10,(anonymous_1)
FNF:1
FNH:0
FNDA:0,(anonymous_1)
DA:1,0
DA:2,0
DA:3,0
DA:4,0
DA:10,0
DA:16,0
LF:6
LH:0
BRF:0
BRH:0
end_of_record
TN:
SF:src\address\dtos\address-create.dto.ts
FNF:0
FNH:0
DA:1,0
DA:2,0
DA:3,0
DA:5,0
DA:7,0
DA:10,0
DA:13,0
DA:16,0
DA:20,0
DA:24,0
DA:28,0
DA:32,0
LF:12
LH:0
BRF:0
BRH:0
end_of_record
TN:
SF:src\address\dtos\address-update.dto.ts
FNF:0
FNH:0
DA:1,0
DA:3,0
LF:2
LH:0
BRF:0
BRH:0
end_of_record
TN:
SF:src\address\enums\uf.ts
FN:1,(anonymous_0)
FNF:1
FNH:0
FNDA:0,(anonymous_0)
DA:1,0
DA:2,0
DA:3,0
DA:4,0
DA:5,0
DA:6,0
DA:7,0
DA:8,0
DA:9,0
DA:10,0
DA:11,0
DA:12,0
DA:13,0
DA:14,0
DA:15,0
DA:16,0
DA:17,0
DA:18,0
DA:19,0
DA:20,0
DA:21,0
DA:22,0
DA:23,0
DA:24,0
DA:25,0
DA:26,0
DA:27,0
LF:27
LH:0
BRDA:1,0,0,0
BRDA:1,0,1,0
BRF:2
BRH:0
end_of_record
TN:
SF:src\auth\auth-company.controller.ts
FN:5,(anonymous_2)
FN:8,(anonymous_3)
FN:11,(anonymous_4)
FN:14,(anonymous_5)
FN:17,(anonymous_6)
FN:20,(anonymous_7)
FN:23,(anonymous_8)
FN:26,(anonymous_9)
FN:29,(anonymous_10)
FN:33,(anonymous_11)
FN:36,(anonymous_12)
FN:39,(anonymous_13)
FN:42,(anonymous_14)
FN:45,(anonymous_15)
FN:49,(anonymous_16)
FN:52,(anonymous_17)
FNF:16
FNH:0
FNDA:0,(anonymous_2)
FNDA:0,(anonymous_3)
FNDA:0,(anonymous_4)
FNDA:0,(anonymous_5)
FNDA:0,(anonymous_6)
FNDA:0,(anonymous_7)
FNDA:0,(anonymous_8)
FNDA:0,(anonymous_9)
FNDA:0,(anonymous_10)
FNDA:0,(anonymous_11)
FNDA:0,(anonymous_12)
FNDA:0,(anonymous_13)
FNDA:0,(anonymous_14)
FNDA:0,(anonymous_15)
FNDA:0,(anonymous_16)
FNDA:0,(anonymous_17)
DA:1,0
DA:4,0
DA:8,0
DA:11,0
DA:14,0
DA:17,0
DA:20,0
DA:23,0
DA:26,0
DA:29,0
DA:33,0
DA:36,0
DA:39,0
DA:42,0
DA:45,0
DA:49,0
DA:52,0
LF:17
LH:0
BRF:0
BRH:0
end_of_record
TN:
SF:src\auth\auth-company.service.ts
FN:5,(anonymous_2)
FN:7,(anonymous_3)
FN:9,(anonymous_4)
FN:11,(anonymous_5)
FN:13,(anonymous_6)
FN:15,(anonymous_7)
FN:17,(anonymous_8)
FN:19,(anonymous_9)
FN:21,(anonymous_10)
FNF:9
FNH:0
FNDA:0,(anonymous_2)
FNDA:0,(anonymous_3)
FNDA:0,(anonymous_4)
FNDA:0,(anonymous_5)
FNDA:0,(anonymous_6)
FNDA:0,(anonymous_7)
FNDA:0,(anonymous_8)
FNDA:0,(anonymous_9)
FNDA:0,(anonymous_10)
DA:1,0
DA:4,0
LF:2
LH:0
BRF:0
BRH:0
end_of_record
TN:
SF:src\auth\auth-person.controller.ts
FN:28,(anonymous_4)
FN:36,(anonymous_5)
FN:42,(anonymous_6)
FN:47,(anonymous_7)
FN:52,(anonymous_8)
FN:55,(anonymous_9)
FN:58,(anonymous_10)
FN:63,(anonymous_11)
FN:70,(anonymous_12)
FN:75,(anonymous_13)
FN:81,(anonymous_14)
FN:88,(anonymous_15)
FN:98,(anonymous_16)
FN:108,(anonymous_17)
FN:118,(anonymous_18)
FN:129,(anonymous_19)
FN:137,(anonymous_20)
FN:147,(anonymous_21)
FNF:18
FNH:0
FNDA:0,(anonymous_4)
FNDA:0,(anonymous_5)
FNDA:0,(anonymous_6)
FNDA:0,(anonymous_7)
FNDA:0,(anonymous_8)
FNDA:0,(anonymous_9)
FNDA:0,(anonymous_10)
FNDA:0,(anonymous_11)
FNDA:0,(anonymous_12)
FNDA:0,(anonymous_13)
FNDA:0,(anonymous_14)
FNDA:0,(anonymous_15)
FNDA:0,(anonymous_16)
FNDA:0,(anonymous_17)
FNDA:0,(anonymous_18)
FNDA:0,(anonymous_19)
FNDA:0,(anonymous_20)
FNDA:0,(anonymous_21)
DA:1,0
DA:14,0
DA:15,0
DA:16,0
DA:17,0
DA:18,0
DA:19,0
DA:20,0
DA:21,0
DA:22,0
DA:23,0
DA:24,0
DA:27,0
DA:29,0
DA:30,0
DA:31,0
DA:36,0
DA:37,0
DA:42,0
DA:43,0
DA:47,0
DA:48,0
DA:52,0
DA:55,0
DA:58,0
DA:63,0
DA:64,0
DA:70,0
DA:71,0
DA:75,0
DA:81,0
DA:82,0
DA:88,0
DA:92,0
DA:98,0
DA:102,0
DA:108,0
DA:112,0
DA:118,0
DA:122,0
DA:129,0
DA:130,0
DA:137,0
DA:141,0
DA:147,0
DA:148,0
LF:46
LH:0
BRF:0
BRH:0
end_of_record
TN:
SF:src\auth\auth-person.service.ts
FN:15,(anonymous_2)
FN:20,(anonymous_3)
FN:25,(anonymous_4)
FN:47,(anonymous_5)
FN:60,(anonymous_6)
FN:75,(anonymous_7)
FN:77,(anonymous_8)
FN:79,(anonymous_9)
FNF:8
FNH:0
FNDA:0,(anonymous_2)
FNDA:0,(anonymous_3)
FNDA:0,(anonymous_4)
FNDA:0,(anonymous_5)
FNDA:0,(anonymous_6)
FNDA:0,(anonymous_7)
FNDA:0,(anonymous_8)
FNDA:0,(anonymous_9)
DA:1,0
DA:6,0
DA:8,0
DA:10,0
DA:14,0
DA:16,0
DA:17,0
DA:21,0
DA:22,0
DA:26,0
DA:29,0
DA:36,0
DA:38,0
DA:39,0
DA:42,0
DA:44,0
DA:49,0
DA:51,0
DA:52,0
DA:55,0
DA:57,0
DA:61,0
DA:63,0
DA:72,0
LF:24
LH:0
BRDA:29,0,0,0
BRDA:29,0,1,0
BRDA:29,0,2,0
BRDA:29,0,3,0
BRDA:36,1,0,0
BRDA:38,2,0,0
BRDA:51,3,0,0
BRF:7
BRH:0
end_of_record
TN:
SF:src\auth\auth.module.ts
FN:16,(anonymous_1)
FN:17,(anonymous_2)
FN:18,(anonymous_3)
FN:19,(anonymous_4)
FNF:4
FNH:0
FNDA:0,(anonymous_1)
FNDA:0,(anonymous_2)
FNDA:0,(anonymous_3)
FNDA:0,(anonymous_4)
DA:1,0
DA:2,0
DA:3,0
DA:4,0
DA:5,0
DA:6,0
DA:7,0
DA:8,0
DA:9,0
DA:10,0
DA:16,0
DA:17,0
DA:18,0
DA:19,0
DA:28,0
LF:15
LH:0
BRF:0
BRH:0
end_of_record
TN:
SF:src\auth\dtos\auth-login.dto.ts
FNF:0
FNH:0
DA:1,0
DA:8,0
DA:10,0
DA:14,0
DA:19,0
DA:24,0
DA:35,0
LF:7
LH:0
BRF:0
BRH:0
end_of_record
TN:
SF:src\auth\guards\auth.guard.ts
FN:7,(anonymous_2)
FN:12,(anonymous_3)
FN:23,(anonymous_4)
FNF:3
FNH:0
FNDA:0,(anonymous_2)
FNDA:0,(anonymous_3)
FNDA:0,(anonymous_4)
DA:1,0
DA:2,0
DA:3,0
DA:6,0
DA:8,0
DA:9,0
DA:13,0
DA:14,0
DA:15,0
DA:18,0
DA:19,0
DA:20,0
DA:21,0
DA:24,0
LF:14
LH:0
BRDA:16,0,0,0
BRDA:16,0,1,0
BRF:2
BRH:0
end_of_record
TN:
SF:src\avatar\avatar-company.service.ts
FN:12,(anonymous_4)
FN:19,(anonymous_5)
FN:21,(anonymous_6)
FNF:3
FNH:0
FNDA:0,(anonymous_4)
FNDA:0,(anonymous_5)
FNDA:0,(anonymous_6)
DA:1,0
DA:2,0
DA:7,0
DA:8,0
DA:11,0
DA:14,0
DA:16,0
LF:7
LH:0
BRF:0
BRH:0
end_of_record
TN:
SF:src\avatar\avatar-person.service.ts
FN:17,(anonymous_4)
FN:24,(anonymous_5)
FN:69,(anonymous_6)
FN:76,(anonymous_7)
FNF:4
FNH:0
FNDA:0,(anonymous_4)
FNDA:0,(anonymous_5)
FNDA:0,(anonymous_6)
FNDA:0,(anonymous_7)
DA:1,0
DA:7,0
DA:12,0
DA:13,0
DA:16,0
DA:19,0
DA:21,0
DA:25,0
DA:26,0
DA:31,0
DA:32,0
DA:34,0
DA:42,0
DA:44,0
DA:49,0
DA:51,0
DA:53,0
DA:58,0
DA:60,0
DA:62,0
DA:63,0
DA:65,0
DA:70,0
DA:78,0
DA:87,0
DA:89,0
DA:93,0
LF:27
LH:0
BRDA:31,0,0,0
BRDA:31,1,0,0
BRDA:31,1,1,0
BRDA:49,2,0,0
BRDA:58,3,0,0
BRDA:62,4,0,0
BRDA:62,5,0,0
BRDA:62,5,1,0
BRF:8
BRH:0
end_of_record
TN:
SF:src\avatar\avatar.module.ts
FN:11,(anonymous_1)
FNF:1
FNH:0
FNDA:0,(anonymous_1)
DA:1,0
DA:2,0
DA:3,0
DA:4,0
DA:5,0
DA:11,0
DA:17,0
LF:7
LH:0
BRF:0
BRH:0
end_of_record
TN:
SF:src\cloudinary\cloudinary.provider.ts
FN:6,(anonymous_0)
FNF:1
FNH:0
FNDA:0,(anonymous_0)
DA:1,0
DA:2,0
DA:4,0
DA:7,0
DA:12,0
LF:5
LH:0
BRF:0
BRH:0
end_of_record
TN:
SF:src\supabase\supabase.module.ts
FN:10,(anonymous_1)
FNF:1
FNH:1
FNDA:10,(anonymous_1)
DA:1,1
DA:2,1
DA:3,1
DA:11,10
DA:12,10
DA:13,10
DA:19,1
LF:7
LH:7
BRF:0
BRH:0
end_of_record
TN:
SF:src\token\token-company.service.ts
FN:6,(anonymous_2)
FN:8,(anonymous_3)
FN:10,(anonymous_4)
FN:12,(anonymous_5)
FNF:4
FNH:0
FNDA:0,(anonymous_2)
FNDA:0,(anonymous_3)
FNDA:0,(anonymous_4)
FNDA:0,(anonymous_5)
DA:1,0
DA:2,0
DA:5,0
DA:6,0
LF:4
LH:0
BRF:0
BRH:0
end_of_record
TN:
SF:src\token\token-person.service.ts
FN:6,(anonymous_2)
FN:8,(anonymous_3)
FN:35,(anonymous_4)
FN:46,(anonymous_5)
FN:58,(anonymous_6)
FNF:5
FNH:0
FNDA:0,(anonymous_2)
FNDA:0,(anonymous_3)
FNDA:0,(anonymous_4)
FNDA:0,(anonymous_5)
FNDA:0,(anonymous_6)
DA:1,0
DA:2,0
DA:5,0
DA:6,0
DA:10,0
DA:36,0
DA:37,0
DA:40,0
DA:42,0
DA:47,0
DA:48,0
DA:52,0
DA:54,0
LF:13
LH:0
BRF:0
BRH:0
end_of_record
TN:
SF:src\token\token.module.ts
FNF:0
FNH:0
DA:1,0
DA:2,0
DA:3,0
DA:4,0
DA:19,0
LF:5
LH:0
BRF:0
BRH:0
end_of_record
TN:
SF:src\user\user-company.service.ts
FN:7,(anonymous_4)
FNF:1
FNH:0
FNDA:0,(anonymous_4)
DA:1,0
DA:2,0
DA:3,0
DA:6,0
DA:9,0
LF:5
LH:0
BRF:0
BRH:0
end_of_record
TN:
SF:src\user\user-person.service.ts
FN:29,(anonymous_4)
FN:34,(anonymous_5)
FN:52,(anonymous_6)
FN:70,(anonymous_7)
FN:86,(anonymous_8)
FN:130,(anonymous_9)
FN:159,(anonymous_10)
FNF:7
FNH:7
FNDA:10,(anonymous_4)
FNDA:1,(anonymous_5)
FNDA:1,(anonymous_6)
FNDA:1,(anonymous_7)
FNDA:1,(anonymous_8)
FNDA:4,(anonymous_9)
FNDA:1,(anonymous_10)
DA:1,1
DA:2,1
DA:3,1
DA:5,1
DA:6,1
DA:7,1
DA:8,1
DA:28,1
DA:31,10
DA:35,1
DA:43,1
DA:49,1
DA:53,1
DA:61,1
DA:64,0
DA:67,1
DA:71,1
DA:77,1
DA:80,0
DA:83,1
DA:89,1
DA:91,1
DA:92,0
DA:94,1
DA:95,0
DA:98,1
DA:111,1
DA:113,1
DA:116,1
DA:127,1
DA:136,4
DA:138,4
DA:139,2
DA:144,2
DA:147,4
DA:148,2
DA:153,2
DA:156,4
DA:162,1
DA:169,1
DA:171,1
LF:41
LH:37
BRDA:43,0,0,0
BRDA:61,1,0,0
BRDA:61,2,0,1
BRDA:61,2,1,0
BRDA:77,3,0,0
BRDA:77,4,0,1
BRDA:77,4,1,0
BRDA:91,5,0,0
BRDA:94,6,0,0
BRDA:111,7,0,0
BRDA:121,8,0,1
BRDA:121,8,1,1
BRDA:122,9,0,1
BRDA:122,9,1,0
BRDA:123,10,0,1
BRDA:123,10,1,0
BRDA:138,11,0,2
BRDA:144,12,0,0
BRDA:147,13,0,2
BRDA:147,14,0,4
BRDA:147,14,1,2
BRDA:147,14,2,2
BRDA:147,14,3,2
BRDA:147,14,4,2
BRDA:153,15,0,0
BRDA:169,16,0,0
BRF:26
BRH:13
end_of_record
TN:
SF:src\user\user.module.ts
FNF:0
FNH:0
DA:1,0
DA:2,0
DA:10,0
LF:3
LH:0
BRF:0
BRH:0
end_of_record
TN:
SF:src\user\decorators\user.decorator.ts
FN:8,(anonymous_0)
FNF:1
FNH:0
FNDA:0,(anonymous_0)
DA:1,0
DA:7,0
DA:9,0
DA:10,0
DA:11,0
DA:13,0
LF:6
LH:0
BRDA:10,0,0,0
BRDA:10,0,1,0
BRF:2
BRH:0
end_of_record
TN:
SF:src\user\dtos\company-create.dto.ts
FNF:0
FNH:0
DA:1,0
DA:2,0
DA:3,0
DA:5,0
DA:8,0
DA:12,0
DA:17,0
DA:21,0
DA:25,0
DA:30,0
LF:10
LH:0
BRF:0
BRH:0
end_of_record
TN:
SF:src\user\dtos\company-update.dto.ts
FNF:0
FNH:0
DA:1,0
DA:2,0
DA:3,0
DA:5,0
DA:8,0
DA:12,0
DA:17,0
DA:21,0
DA:25,0
DA:30,0
LF:10
LH:0
BRF:0
BRH:0
end_of_record
TN:
SF:src\user\dtos\user-create.dto.ts
FNF:0
FNH:0
DA:1,0
DA:9,0
DA:10,0
DA:11,0
DA:12,0
DA:14,0
DA:18,0
DA:23,0
DA:34,0
DA:38,0
DA:43,0
DA:47,0
DA:51,0
DA:56,0
LF:14
LH:0
BRF:0
BRH:0
end_of_record
TN:
SF:src\user\dtos\user-update.dto.ts
FNF:0
FNH:0
DA:1,0
DA:2,0
DA:3,0
DA:4,0
DA:5,0
DA:7,0
DA:10,0
DA:15,0
DA:19,0
DA:23,0
DA:28,0
DA:33,0
LF:12
LH:0
BRF:0
BRH:0
end_of_record
TN:
SF:src\user\enums\gender.enum.ts
FN:1,(anonymous_0)
FNF:1
FNH:1
FNDA:1,(anonymous_0)
DA:1,1
DA:2,1
DA:3,1
DA:4,1
DA:5,1
LF:5
LH:5
BRDA:1,0,0,1
BRDA:1,0,1,1
BRF:2
BRH:2
end_of_record
TN:
SF:src\user\enums\privileges.enum.ts
FN:1,(anonymous_0)
FNF:1
FNH:1
FNDA:1,(anonymous_0)
DA:1,1
DA:2,1
DA:3,1
LF:3
LH:3
BRDA:1,0,0,1
BRDA:1,0,1,1
BRF:2
BRH:2
end_of_record
TN:
SF:src\user\enums\user-types.enum.ts
FN:1,(anonymous_0)
FNF:1
FNH:1
FNDA:1,(anonymous_0)
DA:1,1
DA:2,1
DA:3,1
LF:3
LH:3
BRDA:1,0,0,1
BRDA:1,0,1,1
BRF:2
BRH:2
end_of_record
TN:
SF:src\utils\docValidator.ts
FN:5,(anonymous_0)
FN:10,(anonymous_1)
FN:19,(anonymous_2)
FN:23,(anonymous_3)
FN:29,(anonymous_4)
FN:39,(anonymous_5)
FN:50,(anonymous_6)
FN:55,(anonymous_7)
FN:64,(anonymous_8)
FN:68,(anonymous_9)
FN:75,(anonymous_10)
FN:86,(anonymous_11)
FNF:12
FNH:0
FNDA:0,(anonymous_0)
FNDA:0,(anonymous_1)
FNDA:0,(anonymous_2)
FNDA:0,(anonymous_3)
FNDA:0,(anonymous_4)
FNDA:0,(anonymous_5)
FNDA:0,(anonymous_6)
FNDA:0,(anonymous_7)
FNDA:0,(anonymous_8)
FNDA:0,(anonymous_9)
FNDA:0,(anonymous_10)
FNDA:0,(anonymous_11)
DA:1,0
DA:6,0
DA:7,0
DA:11,0
DA:12,0
DA:13,0
DA:14,0
DA:15,0
DA:16,0
DA:20,0
DA:21,0
DA:23,0
DA:24,0
DA:26,0
DA:27,0
DA:29,0
DA:30,0
DA:32,0
DA:33,0
DA:35,0
DA:40,0
DA:41,0
DA:42,0
DA:46,0
DA:51,0
DA:52,0
DA:56,0
DA:57,0
DA:58,0
DA:59,0
DA:60,0
DA:61,0
DA:65,0
DA:66,0
DA:68,0
DA:69,0
DA:70,0
DA:72,0
DA:73,0
DA:75,0
DA:76,0
DA:77,0
DA:79,0
DA:80,0
DA:82,0
DA:87,0
DA:88,0
DA:89,0
LF:48
LH:0
BRDA:11,0,0,0
BRDA:12,1,0,0
BRDA:16,2,0,0
BRDA:16,2,1,0
BRDA:21,3,0,0
BRDA:21,3,1,0
BRDA:21,3,2,0
BRDA:27,4,0,0
BRDA:27,4,1,0
BRDA:33,5,0,0
BRDA:33,5,1,0
BRDA:56,6,0,0
BRDA:57,7,0,0
BRDA:61,8,0,0
BRDA:61,8,1,0
BRDA:66,9,0,0
BRDA:66,9,1,0
BRDA:66,9,2,0
BRDA:69,10,0,0
BRDA:73,11,0,0
BRDA:73,11,1,0
BRDA:76,12,0,0
BRDA:80,13,0,0
BRDA:80,13,1,0
BRF:24
BRH:0
end_of_record
TN:
SF:src\utils\constants\cloudinary.constants.ts
FNF:0
FNH:0
DA:1,0
DA:2,0
DA:3,0
DA:4,0
DA:5,0
LF:5
LH:0
BRF:0
BRH:0
end_of_record
TN:
SF:src\utils\constants\supabase.constants.ts
FNF:0
FNH:0
DA:1,1
LF:1
LH:1
BRF:0
BRH:0
end_of_record
TN:
SF:src\utils\validators\cep.validator.ts
FN:11,(anonymous_1)
FN:16,(anonymous_2)
FN:21,IsCEP
FN:22,(anonymous_4)
FNF:4
FNH:0
FNDA:0,(anonymous_1)
FNDA:0,(anonymous_2)
FNDA:0,IsCEP
FNDA:0,(anonymous_4)
DA:1,0
DA:10,0
DA:12,0
DA:13,0
DA:17,0
DA:21,0
DA:22,0
DA:23,0
LF:8
LH:0
BRF:0
BRH:0
end_of_record
TN:
SF:src\utils\validators\date.validator.ts
FN:11,(anonymous_1)
FN:26,(anonymous_2)
FN:31,IsDate
FN:32,(anonymous_4)
FNF:4
FNH:0
FNDA:0,(anonymous_1)
FNDA:0,(anonymous_2)
FNDA:0,IsDate
FNDA:0,(anonymous_4)
DA:1,0
DA:10,0
DA:17,0
DA:19,0
DA:20,0
DA:23,0
DA:27,0
DA:31,0
DA:32,0
DA:33,0
LF:10
LH:0
BRDA:19,0,0,0
BRF:1
BRH:0
end_of_record
TN:
SF:src\utils\validators\documents.validator.ts
FN:12,(anonymous_1)
FN:18,(anonymous_2)
FN:23,IsCPF
FN:24,(anonymous_4)
FN:37,(anonymous_5)
FN:43,(anonymous_6)
FN:48,IsCNPJ
FN:49,(anonymous_8)
FNF:8
FNH:0
FNDA:0,(anonymous_1)
FNDA:0,(anonymous_2)
FNDA:0,IsCPF
FNDA:0,(anonymous_4)
FNDA:0,(anonymous_5)
FNDA:0,(anonymous_6)
FNDA:0,IsCNPJ
FNDA:0,(anonymous_8)
DA:1,0
DA:8,0
DA:11,0
DA:16,0
DA:19,0
DA:23,0
DA:24,0
DA:25,0
DA:36,0
DA:41,0
DA:44,0
DA:48,0
DA:49,0
DA:50,0
LF:14
LH:0
BRF:0
BRH:0
end_of_record
TN:
SF:src\utils\validators\phone.validator.ts
FN:11,(anonymous_1)
FN:18,(anonymous_2)
FN:23,IsPhone
FN:24,(anonymous_4)
FNF:4
FNH:0
FNDA:0,(anonymous_1)
FNDA:0,(anonymous_2)
FNDA:0,IsPhone
FNDA:0,(anonymous_4)
DA:1,0
DA:10,0
DA:15,0
DA:16,0
DA:19,0
DA:23,0
DA:24,0
DA:25,0
LF:8
LH:0
BRF:0
BRH:0
end_of_record
